<?xml version="1.0" encoding="UTF-8"?>
<TestRun id="46ed9ed3-9eb0-4469-ba4d-f728937a9af4" name="Student@10266A-GEN-DEV 2009-12-01 09:24:23" runUser="10266A-GEN-DEV\Student" xmlns="http://microsoft.com/schemas/VisualStudio/TeamTest/2010">
  <TestSettings name="Local" id="6644ed84-5c4a-43e1-855b-9b4b1b5eacda">
    <Description>These are default test settings for a local test run.</Description>
    <Deployment enabled="false" runDeploymentRoot="Student_10266A-GEN-DEV 2009-12-01 09_24_23">
      <DeploymentItem filename="E:\Labfiles\Lab 14\BinaryTree\BinaryTree\bin\Debug\BinaryTree.dll" />
      <DeploymentItem filename="E:\Labfiles\Lab 14\Ex 1 - LINQ Query\Solution\StressDataAnalyzer\bin\Debug\StressDataAnalyzer.exe" />
      <DeploymentItem filename="E:\Labfiles\Lab 14\StressTestResult\StressTestResult\bin\Debug\StressTestResult.dll" />
    </Deployment>
    <Execution>
      <TestTypeSpecific />
      <AgentRule name="Execution Agents">
      </AgentRule>
    </Execution>
  </TestSettings>
  <Times creation="2009-12-01T09:24:23.8729922-08:00" queuing="2009-12-01T09:24:23.8866641-08:00" start="2009-12-01T09:24:23.9071719-08:00" finish="2009-12-01T09:24:26.5683047-08:00" />
  <ResultSummary outcome="Failed">
    <Counters total="1" executed="1" error="0" failed="1" timeout="0" aborted="0" inconclusive="0" passedButRunAborted="0" notRunnable="0" notExecuted="0" disconnected="0" warning="0" passed="0" completed="0" inProgress="0" pending="0" />
    <RunInfos>
      <RunInfo computerName="10266A-GEN-DEV" outcome="Warning" timestamp="2009-12-01T09:24:23.8856875-08:00">
        <Text>Deployment is currently disabled. The deployment item 'StressDataAnalyzer.exe' on test 'StressDataAnalyzerTest.DataAnalyzerTest.CreateQueryandFormatResultsTest' was not deployed.</Text>
      </RunInfo>
    </RunInfos>
  </ResultSummary>
  <TestDefinitions>
    <UnitTest name="CreateQueryandFormatResultsTest" storage="e:\labfiles\lab 14\ex 1 - linq query\solution\stresstestanalyzertest\bin\debug\strestestanalyzertest.dll" id="4a3896a7-0f16-e172-d42d-db5d5edbc649">
      <DeploymentItems>
        <DeploymentItem filename="StressDataAnalyzer.exe" />
      </DeploymentItems>
      <Execution id="04fcd173-3d8e-4738-9afa-7c22e9a6f1d6" />
      <TestMethod codeBase="E:/Labfiles/Lab 14/Ex 1 - LINQ Query/Solution/StressTestAnalyzerTest/bin/Debug/StresTestAnalyzerTest.DLL" adapterTypeName="Microsoft.VisualStudio.TestTools.TestTypes.Unit.UnitTestAdapter, Microsoft.VisualStudio.QualityTools.Tips.UnitTest.Adapter, Version=10.0.0.0, Culture=neutral, PublicKeyToken=b03f5f7f11d50a3a" className="StressDataAnalyzerTest.DataAnalyzerTest, StresTestAnalyzerTest, Version=1.0.0.0, Culture=neutral, PublicKeyToken=null" name="CreateQueryandFormatResultsTest" />
    </UnitTest>
  </TestDefinitions>
  <TestLists>
    <TestList name="Results Not in a List" id="8c84fa94-04c1-424b-9868-57a2d4851a1d" />
    <TestList name="All Loaded Results" id="19431567-8539-422a-85d7-44ee4e166bda" />
  </TestLists>
  <TestEntries>
    <TestEntry testId="4a3896a7-0f16-e172-d42d-db5d5edbc649" executionId="04fcd173-3d8e-4738-9afa-7c22e9a6f1d6" testListId="8c84fa94-04c1-424b-9868-57a2d4851a1d" />
  </TestEntries>
  <Results>
    <UnitTestResult executionId="04fcd173-3d8e-4738-9afa-7c22e9a6f1d6" testId="4a3896a7-0f16-e172-d42d-db5d5edbc649" testName="CreateQueryandFormatResultsTest" computerName="10266A-GEN-DEV" duration="00:00:02.1471477" startTime="2009-12-01T09:24:23.9872500-08:00" endTime="2009-12-01T09:24:26.5468203-08:00" testType="13cdc9d9-ddb5-4fa4-a97d-d965ccfc6d4b" outcome="Failed" testListId="8c84fa94-04c1-424b-9868-57a2d4851a1d" relativeResultsDirectory="04fcd173-3d8e-4738-9afa-7c22e9a6f1d6">
      <Output>
        <ErrorInfo>
          <Message>Assert.AreEqual failed. Expected:&lt;1180&gt;. Actual:&lt;1177&gt;. </Message>
          <StackTrace>   at StressDataAnalyzerTest.DataAnalyzerTest.CreateQueryandFormatResultsTest() in E:\Labfiles\Lab 14\Ex 1 - LINQ Query\Solution\StressTestAnalyzerTest\DataAnalyzerTest.cs:line 96
</StackTrace>
        </ErrorInfo>
      </Output>
    </UnitTestResult>
  </Results>
</TestRun>