<?xml version="1.0" encoding="UTF-8"?>
<TestRun id="29109fd9-eb10-4c32-9965-850dc5e08323" name="Student@10266A-GEN-DEV 2022-06-29 03:26:32" runUser="10266A-GEN-DEV\Student" xmlns="http://microsoft.com/schemas/VisualStudio/TeamTest/2010">
  <TestSettings name="Local" id="ec544e03-20d0-4280-bdbf-9f992f5801fd">
    <Description>These are default test settings for a local test run.</Description>
    <Deployment enabled="false" runDeploymentRoot="Student_10266A-GEN-DEV 2022-06-29 03_26_32">
      <DeploymentItem filename="E:\Labfiles\Lab 4\Ex2\Starter\MatrixMultiplication\bin\Release\MatrixMultiplication.exe" />
    </Deployment>
    <Execution>
      <TestTypeSpecific />
      <AgentRule name="Execution Agents">
      </AgentRule>
    </Execution>
  </TestSettings>
  <Times creation="2022-06-29T03:26:32.4042500-07:00" queuing="2022-06-29T03:26:32.6562031-07:00" start="2022-06-29T03:26:32.6815937-07:00" finish="2022-06-29T03:26:32.8085468-07:00" />
  <ResultSummary outcome="Completed">
    <Counters total="1" executed="1" passed="1" error="0" failed="0" timeout="0" aborted="0" inconclusive="0" passedButRunAborted="0" notRunnable="0" notExecuted="0" disconnected="0" warning="0" completed="0" inProgress="0" pending="0" />
  </ResultSummary>
  <TestDefinitions>
    <UnitTest name="MatrixMultiplyTest1" storage="e:\labfiles\lab 4\ex2\starter\matrix unit test project\bin\release\module 4 unit test project.dll" id="0f679c2e-619a-fab9-64a5-dcb018921581">
      <Execution id="cdbb98f2-0c26-4e6d-b329-581d80c97aab" />
      <TestMethod codeBase="E:/Labfiles/Lab 4/Ex2/Starter/Matrix Unit Test Project/bin/Release/Module 4 Unit Test Project.DLL" adapterTypeName="Microsoft.VisualStudio.TestTools.TestTypes.Unit.UnitTestAdapter, Microsoft.VisualStudio.QualityTools.Tips.UnitTest.Adapter, Version=10.0.0.0, Culture=neutral, PublicKeyToken=b03f5f7f11d50a3a" className="Lab4UnitTests.MatrixTest, Module 4 Unit Test Project, Version=1.0.0.0, Culture=neutral, PublicKeyToken=null" name="MatrixMultiplyTest1" />
    </UnitTest>
  </TestDefinitions>
  <TestLists>
    <TestList name="Results Not in a List" id="8c84fa94-04c1-424b-9868-57a2d4851a1d" />
    <TestList name="All Loaded Results" id="19431567-8539-422a-85d7-44ee4e166bda" />
  </TestLists>
  <TestEntries>
    <TestEntry testId="0f679c2e-619a-fab9-64a5-dcb018921581" executionId="cdbb98f2-0c26-4e6d-b329-581d80c97aab" testListId="8c84fa94-04c1-424b-9868-57a2d4851a1d" />
  </TestEntries>
  <Results>
    <UnitTestResult executionId="cdbb98f2-0c26-4e6d-b329-581d80c97aab" testId="0f679c2e-619a-fab9-64a5-dcb018921581" testName="MatrixMultiplyTest1" computerName="10266A-GEN-DEV" duration="00:00:00.0089776" startTime="2022-06-29T03:26:32.6894062-07:00" endTime="2022-06-29T03:26:32.7938984-07:00" testType="13cdc9d9-ddb5-4fa4-a97d-d965ccfc6d4b" outcome="Passed" testListId="8c84fa94-04c1-424b-9868-57a2d4851a1d" relativeResultsDirectory="cdbb98f2-0c26-4e6d-b329-581d80c97aab">
    </UnitTestResult>
  </Results>
</TestRun>