<?xml version="1.0" encoding="UTF-8"?>
<TestRun id="1535b535-d4bc-43e4-b6d8-9bc05a84cf94" name="Student@10266A-ANTONYN 2010-02-01 04:53:43" runUser="10266A-ANTONYN\Student" xmlns="http://microsoft.com/schemas/VisualStudio/TeamTest/2010">
  <TestSettings name="Local" id="d091077b-0f37-40bc-9f73-bce729aa63a3">
    <Description>These are default test settings for a local test run.</Description>
    <Deployment enabled="false" runDeploymentRoot="Student_10266A-ANTONYN 2010-02-01 04_53_43">
      <DeploymentItem filename="E:\Labfiles\Lab 3\Ex4\Solution\GreatestCommonDivisor\bin\Debug\Module3.exe" />
    </Deployment>
    <Execution>
      <TestTypeSpecific />
      <AgentRule name="Execution Agents">
      </AgentRule>
    </Execution>
  </TestSettings>
  <Times creation="2010-02-01T04:53:43.1113282-08:00" queuing="2010-02-01T04:53:44.2333985-08:00" start="2010-02-01T04:53:44.4580079-08:00" finish="2010-02-01T04:53:47.9160157-08:00" />
  <ResultSummary outcome="Completed">
    <Counters total="5" executed="5" passed="5" error="0" failed="0" timeout="0" aborted="0" inconclusive="0" passedButRunAborted="0" notRunnable="0" notExecuted="0" disconnected="0" warning="0" completed="0" inProgress="0" pending="0" />
  </ResultSummary>
  <TestDefinitions>
    <UnitTest name="GcdSteinTest" storage="e:\labfiles\lab 3\ex4\solution\gcd unit test project\bin\debug\module 3 unit test project.dll" id="c52a6d4f-7aea-640e-32a4-c88afd60f4b2">
      <Execution id="3845d214-f5b6-46c5-b2f2-33246c1863d8" />
      <TestMethod codeBase="E:/Labfiles/Lab 3/Ex4/Solution/GCD Unit Test Project/bin/Debug/Module 3 Unit Test Project.DLL" adapterTypeName="Microsoft.VisualStudio.TestTools.TestTypes.Unit.UnitTestAdapter, Microsoft.VisualStudio.QualityTools.Tips.UnitTest.Adapter, Version=10.0.0.0, Culture=neutral, PublicKeyToken=b03f5f7f11d50a3a" className="Lab3TestProject.GCDAlgorithmsTest, Module 3 Unit Test Project, Version=1.0.0.0, Culture=neutral, PublicKeyToken=null" name="GcdSteinTest" />
    </UnitTest>
    <UnitTest name="FindGCDEuclidTest1" storage="e:\labfiles\lab 3\ex4\solution\gcd unit test project\bin\debug\module 3 unit test project.dll" id="2e492ccc-3dd9-902d-78f9-22945abe38b1">
      <Execution id="4a66d678-de85-4de2-9e15-f7dc92f7974a" />
      <TestMethod codeBase="E:/Labfiles/Lab 3/Ex4/Solution/GCD Unit Test Project/bin/Debug/Module 3 Unit Test Project.DLL" adapterTypeName="Microsoft.VisualStudio.TestTools.TestTypes.Unit.UnitTestAdapter, Microsoft.VisualStudio.QualityTools.Tips.UnitTest.Adapter, Version=10.0.0.0, Culture=neutral, PublicKeyToken=b03f5f7f11d50a3a" className="Lab3TestProject.GCDAlgorithmsTest, Module 3 Unit Test Project, Version=1.0.0.0, Culture=neutral, PublicKeyToken=null" name="FindGCDEuclidTest1" />
    </UnitTest>
    <UnitTest name="FindGCDEuclidTest2" storage="e:\labfiles\lab 3\ex4\solution\gcd unit test project\bin\debug\module 3 unit test project.dll" id="1d4ef893-e4d6-9113-ebc3-e2a2bdc272e4">
      <Execution id="50a0b06e-4d07-4806-a7c2-e1601b1f1676" />
      <TestMethod codeBase="E:/Labfiles/Lab 3/Ex4/Solution/GCD Unit Test Project/bin/Debug/Module 3 Unit Test Project.DLL" adapterTypeName="Microsoft.VisualStudio.TestTools.TestTypes.Unit.UnitTestAdapter, Microsoft.VisualStudio.QualityTools.Tips.UnitTest.Adapter, Version=10.0.0.0, Culture=neutral, PublicKeyToken=b03f5f7f11d50a3a" className="Lab3TestProject.GCDAlgorithmsTest, Module 3 Unit Test Project, Version=1.0.0.0, Culture=neutral, PublicKeyToken=null" name="FindGCDEuclidTest2" />
    </UnitTest>
    <UnitTest name="FindGCDEuclidTest3" storage="e:\labfiles\lab 3\ex4\solution\gcd unit test project\bin\debug\module 3 unit test project.dll" id="c835113f-26cd-99e6-f1f7-f5db022c5d8c">
      <Execution id="b51e23b2-6b27-44f0-9c04-b0b435b49e04" />
      <TestMethod codeBase="E:/Labfiles/Lab 3/Ex4/Solution/GCD Unit Test Project/bin/Debug/Module 3 Unit Test Project.DLL" adapterTypeName="Microsoft.VisualStudio.TestTools.TestTypes.Unit.UnitTestAdapter, Microsoft.VisualStudio.QualityTools.Tips.UnitTest.Adapter, Version=10.0.0.0, Culture=neutral, PublicKeyToken=b03f5f7f11d50a3a" className="Lab3TestProject.GCDAlgorithmsTest, Module 3 Unit Test Project, Version=1.0.0.0, Culture=neutral, PublicKeyToken=null" name="FindGCDEuclidTest3" />
    </UnitTest>
    <UnitTest name="FindGCDEuclidTest" storage="e:\labfiles\lab 3\ex4\solution\gcd unit test project\bin\debug\module 3 unit test project.dll" id="87b2fd12-20ed-1085-53fc-de9dc4ad4981">
      <Execution id="cca5de33-f5f3-4817-8c1e-dce35ac7d154" />
      <TestMethod codeBase="E:/Labfiles/Lab 3/Ex4/Solution/GCD Unit Test Project/bin/Debug/Module 3 Unit Test Project.DLL" adapterTypeName="Microsoft.VisualStudio.TestTools.TestTypes.Unit.UnitTestAdapter, Microsoft.VisualStudio.QualityTools.Tips.UnitTest.Adapter, Version=10.0.0.0, Culture=neutral, PublicKeyToken=b03f5f7f11d50a3a" className="Lab3TestProject.GCDAlgorithmsTest, Module 3 Unit Test Project, Version=1.0.0.0, Culture=neutral, PublicKeyToken=null" name="FindGCDEuclidTest" />
    </UnitTest>
  </TestDefinitions>
  <TestLists>
    <TestList name="Results Not in a List" id="8c84fa94-04c1-424b-9868-57a2d4851a1d" />
    <TestList name="All Loaded Results" id="19431567-8539-422a-85d7-44ee4e166bda" />
  </TestLists>
  <TestEntries>
    <TestEntry testId="c52a6d4f-7aea-640e-32a4-c88afd60f4b2" executionId="3845d214-f5b6-46c5-b2f2-33246c1863d8" testListId="8c84fa94-04c1-424b-9868-57a2d4851a1d" />
    <TestEntry testId="87b2fd12-20ed-1085-53fc-de9dc4ad4981" executionId="cca5de33-f5f3-4817-8c1e-dce35ac7d154" testListId="8c84fa94-04c1-424b-9868-57a2d4851a1d" />
    <TestEntry testId="2e492ccc-3dd9-902d-78f9-22945abe38b1" executionId="4a66d678-de85-4de2-9e15-f7dc92f7974a" testListId="8c84fa94-04c1-424b-9868-57a2d4851a1d" />
    <TestEntry testId="1d4ef893-e4d6-9113-ebc3-e2a2bdc272e4" executionId="50a0b06e-4d07-4806-a7c2-e1601b1f1676" testListId="8c84fa94-04c1-424b-9868-57a2d4851a1d" />
    <TestEntry testId="c835113f-26cd-99e6-f1f7-f5db022c5d8c" executionId="b51e23b2-6b27-44f0-9c04-b0b435b49e04" testListId="8c84fa94-04c1-424b-9868-57a2d4851a1d" />
  </TestEntries>
  <Results>
    <UnitTestResult executionId="3845d214-f5b6-46c5-b2f2-33246c1863d8" testId="c52a6d4f-7aea-640e-32a4-c88afd60f4b2" testName="GcdSteinTest" computerName="10266A-ANTONYN" duration="00:00:00.0194745" startTime="2010-02-01T04:53:44.5273438-08:00" endTime="2010-02-01T04:53:45.0644532-08:00" testType="13cdc9d9-ddb5-4fa4-a97d-d965ccfc6d4b" outcome="Passed" testListId="8c84fa94-04c1-424b-9868-57a2d4851a1d" relativeResultsDirectory="3845d214-f5b6-46c5-b2f2-33246c1863d8">
    </UnitTestResult>
    <UnitTestResult executionId="cca5de33-f5f3-4817-8c1e-dce35ac7d154" testId="87b2fd12-20ed-1085-53fc-de9dc4ad4981" testName="FindGCDEuclidTest" computerName="10266A-ANTONYN" duration="00:00:00.0007579" startTime="2010-02-01T04:53:45.0761719-08:00" endTime="2010-02-01T04:53:45.0849610-08:00" testType="13cdc9d9-ddb5-4fa4-a97d-d965ccfc6d4b" outcome="Passed" testListId="8c84fa94-04c1-424b-9868-57a2d4851a1d" relativeResultsDirectory="cca5de33-f5f3-4817-8c1e-dce35ac7d154">
    </UnitTestResult>
    <UnitTestResult executionId="4a66d678-de85-4de2-9e15-f7dc92f7974a" testId="2e492ccc-3dd9-902d-78f9-22945abe38b1" testName="FindGCDEuclidTest1" computerName="10266A-ANTONYN" duration="00:00:00.0013568" startTime="2010-02-01T04:53:45.0878907-08:00" endTime="2010-02-01T04:53:45.0927735-08:00" testType="13cdc9d9-ddb5-4fa4-a97d-d965ccfc6d4b" outcome="Passed" testListId="8c84fa94-04c1-424b-9868-57a2d4851a1d" relativeResultsDirectory="4a66d678-de85-4de2-9e15-f7dc92f7974a">
    </UnitTestResult>
    <UnitTestResult executionId="50a0b06e-4d07-4806-a7c2-e1601b1f1676" testId="1d4ef893-e4d6-9113-ebc3-e2a2bdc272e4" testName="FindGCDEuclidTest2" computerName="10266A-ANTONYN" duration="00:00:00.0013834" startTime="2010-02-01T04:53:45.0957032-08:00" endTime="2010-02-01T04:53:45.1005860-08:00" testType="13cdc9d9-ddb5-4fa4-a97d-d965ccfc6d4b" outcome="Passed" testListId="8c84fa94-04c1-424b-9868-57a2d4851a1d" relativeResultsDirectory="50a0b06e-4d07-4806-a7c2-e1601b1f1676">
    </UnitTestResult>
    <UnitTestResult executionId="b51e23b2-6b27-44f0-9c04-b0b435b49e04" testId="c835113f-26cd-99e6-f1f7-f5db022c5d8c" testName="FindGCDEuclidTest3" computerName="10266A-ANTONYN" duration="00:00:02.6434510" startTime="2010-02-01T04:53:45.1318360-08:00" endTime="2010-02-01T04:53:47.7783204-08:00" testType="13cdc9d9-ddb5-4fa4-a97d-d965ccfc6d4b" outcome="Passed" testListId="8c84fa94-04c1-424b-9868-57a2d4851a1d" relativeResultsDirectory="b51e23b2-6b27-44f0-9c04-b0b435b49e04">
    </UnitTestResult>
  </Results>
</TestRun>