<?xml version="1.0" encoding="UTF-8"?>
<TestRun id="24ddc3a9-a155-4b9f-93b1-5b96ce47287c" name="Student@10266A-ANTONYN 2010-02-02 02:08:07" runUser="10266A-ANTONYN\Student" xmlns="http://microsoft.com/schemas/VisualStudio/TeamTest/2010">
  <TestSettings name="Local" id="d091077b-0f37-40bc-9f73-bce729aa63a3">
    <Description>These are default test settings for a local test run.</Description>
    <Deployment enabled="false" runDeploymentRoot="Student_10266A-ANTONYN 2010-02-02 02_08_07">
      <DeploymentItem filename="E:\Labfiles\Lab 3\Ex4\Solution\GreatestCommonDivisor\bin\Debug\Module3.exe" />
    </Deployment>
    <Execution>
      <TestTypeSpecific />
      <AgentRule name="Execution Agents">
      </AgentRule>
    </Execution>
  </TestSettings>
  <Times creation="2010-02-02T02:08:07.9634531-08:00" queuing="2010-02-02T02:08:09.2906015-08:00" start="2010-02-02T02:08:09.5054453-08:00" finish="2010-02-02T02:08:12.7515390-08:00" />
  <ResultSummary outcome="Completed">
    <Counters total="5" executed="5" passed="5" error="0" failed="0" timeout="0" aborted="0" inconclusive="0" passedButRunAborted="0" notRunnable="0" notExecuted="0" disconnected="0" warning="0" completed="0" inProgress="0" pending="0" />
  </ResultSummary>
  <TestDefinitions>
    <UnitTest name="FindGCDEuclidTest3" storage="e:\labfiles\lab 3\ex4\solution\gcd unit test project\bin\debug\module 3 unit test project.dll" id="c835113f-26cd-99e6-f1f7-f5db022c5d8c">
      <Execution id="112baf98-32f1-40b5-95c9-0c0b13aab8b1" />
      <TestMethod codeBase="E:/Labfiles/Lab 3/Ex4/Solution/GCD Unit Test Project/bin/Debug/Module 3 Unit Test Project.DLL" adapterTypeName="Microsoft.VisualStudio.TestTools.TestTypes.Unit.UnitTestAdapter, Microsoft.VisualStudio.QualityTools.Tips.UnitTest.Adapter, Version=10.0.0.0, Culture=neutral, PublicKeyToken=b03f5f7f11d50a3a" className="Lab3TestProject.GCDAlgorithmsTest, Module 3 Unit Test Project, Version=1.0.0.0, Culture=neutral, PublicKeyToken=null" name="FindGCDEuclidTest3" />
    </UnitTest>
    <UnitTest name="FindGCDEuclidTest1" storage="e:\labfiles\lab 3\ex4\solution\gcd unit test project\bin\debug\module 3 unit test project.dll" id="2e492ccc-3dd9-902d-78f9-22945abe38b1">
      <Execution id="2c15610b-85ff-404b-bf4f-d2561c7191ab" />
      <TestMethod codeBase="E:/Labfiles/Lab 3/Ex4/Solution/GCD Unit Test Project/bin/Debug/Module 3 Unit Test Project.DLL" adapterTypeName="Microsoft.VisualStudio.TestTools.TestTypes.Unit.UnitTestAdapter, Microsoft.VisualStudio.QualityTools.Tips.UnitTest.Adapter, Version=10.0.0.0, Culture=neutral, PublicKeyToken=b03f5f7f11d50a3a" className="Lab3TestProject.GCDAlgorithmsTest, Module 3 Unit Test Project, Version=1.0.0.0, Culture=neutral, PublicKeyToken=null" name="FindGCDEuclidTest1" />
    </UnitTest>
    <UnitTest name="FindGCDEuclidTest2" storage="e:\labfiles\lab 3\ex4\solution\gcd unit test project\bin\debug\module 3 unit test project.dll" id="1d4ef893-e4d6-9113-ebc3-e2a2bdc272e4">
      <Execution id="7ce83fb9-7de4-4475-b269-456612f29aa4" />
      <TestMethod codeBase="E:/Labfiles/Lab 3/Ex4/Solution/GCD Unit Test Project/bin/Debug/Module 3 Unit Test Project.DLL" adapterTypeName="Microsoft.VisualStudio.TestTools.TestTypes.Unit.UnitTestAdapter, Microsoft.VisualStudio.QualityTools.Tips.UnitTest.Adapter, Version=10.0.0.0, Culture=neutral, PublicKeyToken=b03f5f7f11d50a3a" className="Lab3TestProject.GCDAlgorithmsTest, Module 3 Unit Test Project, Version=1.0.0.0, Culture=neutral, PublicKeyToken=null" name="FindGCDEuclidTest2" />
    </UnitTest>
    <UnitTest name="FindGCDSteinTest" storage="e:\labfiles\lab 3\ex4\solution\gcd unit test project\bin\debug\module 3 unit test project.dll" id="8123db36-afb8-8864-27ff-001ddd481965">
      <Execution id="26f98175-239b-4a0c-aa65-ed84c16f2e96" />
      <TestMethod codeBase="E:/Labfiles/Lab 3/Ex4/Solution/GCD Unit Test Project/bin/Debug/Module 3 Unit Test Project.DLL" adapterTypeName="Microsoft.VisualStudio.TestTools.TestTypes.Unit.UnitTestAdapter, Microsoft.VisualStudio.QualityTools.Tips.UnitTest.Adapter, Version=10.0.0.0, Culture=neutral, PublicKeyToken=b03f5f7f11d50a3a" className="Lab3TestProject.GCDAlgorithmsTest, Module 3 Unit Test Project, Version=1.0.0.0, Culture=neutral, PublicKeyToken=null" name="FindGCDSteinTest" />
    </UnitTest>
    <UnitTest name="FindGCDEuclidTest" storage="e:\labfiles\lab 3\ex4\solution\gcd unit test project\bin\debug\module 3 unit test project.dll" id="87b2fd12-20ed-1085-53fc-de9dc4ad4981">
      <Execution id="68c4cbfd-9274-413f-98f6-fcb5ba52b275" />
      <TestMethod codeBase="E:/Labfiles/Lab 3/Ex4/Solution/GCD Unit Test Project/bin/Debug/Module 3 Unit Test Project.DLL" adapterTypeName="Microsoft.VisualStudio.TestTools.TestTypes.Unit.UnitTestAdapter, Microsoft.VisualStudio.QualityTools.Tips.UnitTest.Adapter, Version=10.0.0.0, Culture=neutral, PublicKeyToken=b03f5f7f11d50a3a" className="Lab3TestProject.GCDAlgorithmsTest, Module 3 Unit Test Project, Version=1.0.0.0, Culture=neutral, PublicKeyToken=null" name="FindGCDEuclidTest" />
    </UnitTest>
  </TestDefinitions>
  <TestLists>
    <TestList name="Results Not in a List" id="8c84fa94-04c1-424b-9868-57a2d4851a1d" />
    <TestList name="All Loaded Results" id="19431567-8539-422a-85d7-44ee4e166bda" />
  </TestLists>
  <TestEntries>
    <TestEntry testId="8123db36-afb8-8864-27ff-001ddd481965" executionId="26f98175-239b-4a0c-aa65-ed84c16f2e96" testListId="8c84fa94-04c1-424b-9868-57a2d4851a1d" />
    <TestEntry testId="87b2fd12-20ed-1085-53fc-de9dc4ad4981" executionId="68c4cbfd-9274-413f-98f6-fcb5ba52b275" testListId="8c84fa94-04c1-424b-9868-57a2d4851a1d" />
    <TestEntry testId="2e492ccc-3dd9-902d-78f9-22945abe38b1" executionId="2c15610b-85ff-404b-bf4f-d2561c7191ab" testListId="8c84fa94-04c1-424b-9868-57a2d4851a1d" />
    <TestEntry testId="1d4ef893-e4d6-9113-ebc3-e2a2bdc272e4" executionId="7ce83fb9-7de4-4475-b269-456612f29aa4" testListId="8c84fa94-04c1-424b-9868-57a2d4851a1d" />
    <TestEntry testId="c835113f-26cd-99e6-f1f7-f5db022c5d8c" executionId="112baf98-32f1-40b5-95c9-0c0b13aab8b1" testListId="8c84fa94-04c1-424b-9868-57a2d4851a1d" />
  </TestEntries>
  <Results>
    <UnitTestResult executionId="26f98175-239b-4a0c-aa65-ed84c16f2e96" testId="8123db36-afb8-8864-27ff-001ddd481965" testName="FindGCDSteinTest" computerName="10266A-ANTONYN" duration="00:00:00.0307072" startTime="2010-02-02T02:08:09.6831796-08:00" endTime="2010-02-02T02:08:10.2281015-08:00" testType="13cdc9d9-ddb5-4fa4-a97d-d965ccfc6d4b" outcome="Passed" testListId="8c84fa94-04c1-424b-9868-57a2d4851a1d" relativeResultsDirectory="26f98175-239b-4a0c-aa65-ed84c16f2e96">
    </UnitTestResult>
    <UnitTestResult executionId="68c4cbfd-9274-413f-98f6-fcb5ba52b275" testId="87b2fd12-20ed-1085-53fc-de9dc4ad4981" testName="FindGCDEuclidTest" computerName="10266A-ANTONYN" duration="00:00:00.0026190" startTime="2010-02-02T02:08:10.2417734-08:00" endTime="2010-02-02T02:08:10.2525156-08:00" testType="13cdc9d9-ddb5-4fa4-a97d-d965ccfc6d4b" outcome="Passed" testListId="8c84fa94-04c1-424b-9868-57a2d4851a1d" relativeResultsDirectory="68c4cbfd-9274-413f-98f6-fcb5ba52b275">
    </UnitTestResult>
    <UnitTestResult executionId="2c15610b-85ff-404b-bf4f-d2561c7191ab" testId="2e492ccc-3dd9-902d-78f9-22945abe38b1" testName="FindGCDEuclidTest1" computerName="10266A-ANTONYN" duration="00:00:00.0006204" startTime="2010-02-02T02:08:10.2544687-08:00" endTime="2010-02-02T02:08:10.2642343-08:00" testType="13cdc9d9-ddb5-4fa4-a97d-d965ccfc6d4b" outcome="Passed" testListId="8c84fa94-04c1-424b-9868-57a2d4851a1d" relativeResultsDirectory="2c15610b-85ff-404b-bf4f-d2561c7191ab">
    </UnitTestResult>
    <UnitTestResult executionId="7ce83fb9-7de4-4475-b269-456612f29aa4" testId="1d4ef893-e4d6-9113-ebc3-e2a2bdc272e4" testName="FindGCDEuclidTest2" computerName="10266A-ANTONYN" duration="00:00:00.0007517" startTime="2010-02-02T02:08:10.2652109-08:00" endTime="2010-02-02T02:08:10.2720468-08:00" testType="13cdc9d9-ddb5-4fa4-a97d-d965ccfc6d4b" outcome="Passed" testListId="8c84fa94-04c1-424b-9868-57a2d4851a1d" relativeResultsDirectory="7ce83fb9-7de4-4475-b269-456612f29aa4">
    </UnitTestResult>
    <UnitTestResult executionId="112baf98-32f1-40b5-95c9-0c0b13aab8b1" testId="c835113f-26cd-99e6-f1f7-f5db022c5d8c" testName="FindGCDEuclidTest3" computerName="10266A-ANTONYN" duration="00:00:02.3088269" startTime="2010-02-02T02:08:10.2769296-08:00" endTime="2010-02-02T02:08:12.6236093-08:00" testType="13cdc9d9-ddb5-4fa4-a97d-d965ccfc6d4b" outcome="Passed" testListId="8c84fa94-04c1-424b-9868-57a2d4851a1d" relativeResultsDirectory="112baf98-32f1-40b5-95c9-0c0b13aab8b1">
    </UnitTestResult>
  </Results>
</TestRun>