<?xml version="1.0" encoding="UTF-8"?>
<TestRun id="6a857af9-2c4c-4b11-8f8c-e4c0755f2813" name="Student@10266A-ANTONYN 2010-02-01 04:51:10" runUser="10266A-ANTONYN\Student" xmlns="http://microsoft.com/schemas/VisualStudio/TeamTest/2010">
  <TestSettings name="Local" id="d091077b-0f37-40bc-9f73-bce729aa63a3">
    <Description>These are default test settings for a local test run.</Description>
    <Deployment enabled="false" runDeploymentRoot="Student_10266A-ANTONYN 2010-02-01 04_51_10">
      <DeploymentItem filename="E:\Labfiles\Lab 3\Ex4\Starter\GreatestCommonDivisor\bin\Debug\Module3.exe" />
    </Deployment>
    <Execution>
      <TestTypeSpecific />
      <AgentRule name="Execution Agents">
      </AgentRule>
    </Execution>
  </TestSettings>
  <Times creation="2010-02-01T04:51:10.3496094-08:00" queuing="2010-02-01T04:51:10.4169922-08:00" start="2010-02-01T04:51:10.6640625-08:00" finish="2010-02-01T04:51:14.2343750-08:00" />
  <ResultSummary outcome="Completed">
    <Counters total="5" executed="5" passed="5" error="0" failed="0" timeout="0" aborted="0" inconclusive="0" passedButRunAborted="0" notRunnable="0" notExecuted="0" disconnected="0" warning="0" completed="0" inProgress="0" pending="0" />
  </ResultSummary>
  <TestDefinitions>
    <UnitTest name="GcdSteinTest" storage="e:\labfiles\lab 3\ex4\starter\gcd unit test project\bin\debug\module 3 unit test project.dll" id="c52a6d4f-7aea-640e-32a4-c88afd60f4b2">
      <Execution id="97d5b2a5-6e25-4a64-812d-fcaa20fe2692" />
      <TestMethod codeBase="E:/Labfiles/Lab 3/Ex4/Starter/GCD Unit Test Project/bin/Debug/Module 3 Unit Test Project.DLL" adapterTypeName="Microsoft.VisualStudio.TestTools.TestTypes.Unit.UnitTestAdapter, Microsoft.VisualStudio.QualityTools.Tips.UnitTest.Adapter, Version=10.0.0.0, Culture=neutral, PublicKeyToken=b03f5f7f11d50a3a" className="Lab3TestProject.GCDAlgorithmsTest, Module 3 Unit Test Project, Version=1.0.0.0, Culture=neutral, PublicKeyToken=null" name="GcdSteinTest" />
    </UnitTest>
    <UnitTest name="FindGCDEuclidTest1" storage="e:\labfiles\lab 3\ex4\starter\gcd unit test project\bin\debug\module 3 unit test project.dll" id="2e492ccc-3dd9-902d-78f9-22945abe38b1">
      <Execution id="2f2a9f5e-74ff-465f-a377-9d617583a3a0" />
      <TestMethod codeBase="E:/Labfiles/Lab 3/Ex4/Starter/GCD Unit Test Project/bin/Debug/Module 3 Unit Test Project.DLL" adapterTypeName="Microsoft.VisualStudio.TestTools.TestTypes.Unit.UnitTestAdapter, Microsoft.VisualStudio.QualityTools.Tips.UnitTest.Adapter, Version=10.0.0.0, Culture=neutral, PublicKeyToken=b03f5f7f11d50a3a" className="Lab3TestProject.GCDAlgorithmsTest, Module 3 Unit Test Project, Version=1.0.0.0, Culture=neutral, PublicKeyToken=null" name="FindGCDEuclidTest1" />
    </UnitTest>
    <UnitTest name="FindGCDEuclidTest2" storage="e:\labfiles\lab 3\ex4\starter\gcd unit test project\bin\debug\module 3 unit test project.dll" id="1d4ef893-e4d6-9113-ebc3-e2a2bdc272e4">
      <Execution id="10639666-88ab-4bef-aca1-8ae101d934ab" />
      <TestMethod codeBase="E:/Labfiles/Lab 3/Ex4/Starter/GCD Unit Test Project/bin/Debug/Module 3 Unit Test Project.DLL" adapterTypeName="Microsoft.VisualStudio.TestTools.TestTypes.Unit.UnitTestAdapter, Microsoft.VisualStudio.QualityTools.Tips.UnitTest.Adapter, Version=10.0.0.0, Culture=neutral, PublicKeyToken=b03f5f7f11d50a3a" className="Lab3TestProject.GCDAlgorithmsTest, Module 3 Unit Test Project, Version=1.0.0.0, Culture=neutral, PublicKeyToken=null" name="FindGCDEuclidTest2" />
    </UnitTest>
    <UnitTest name="FindGCDEuclidTest3" storage="e:\labfiles\lab 3\ex4\starter\gcd unit test project\bin\debug\module 3 unit test project.dll" id="c835113f-26cd-99e6-f1f7-f5db022c5d8c">
      <Execution id="abeb0503-fda2-4477-b293-d55fd22a5c25" />
      <TestMethod codeBase="E:/Labfiles/Lab 3/Ex4/Starter/GCD Unit Test Project/bin/Debug/Module 3 Unit Test Project.DLL" adapterTypeName="Microsoft.VisualStudio.TestTools.TestTypes.Unit.UnitTestAdapter, Microsoft.VisualStudio.QualityTools.Tips.UnitTest.Adapter, Version=10.0.0.0, Culture=neutral, PublicKeyToken=b03f5f7f11d50a3a" className="Lab3TestProject.GCDAlgorithmsTest, Module 3 Unit Test Project, Version=1.0.0.0, Culture=neutral, PublicKeyToken=null" name="FindGCDEuclidTest3" />
    </UnitTest>
    <UnitTest name="FindGCDEuclidTest" storage="e:\labfiles\lab 3\ex4\starter\gcd unit test project\bin\debug\module 3 unit test project.dll" id="87b2fd12-20ed-1085-53fc-de9dc4ad4981">
      <Execution id="a2bcd686-a0dc-4873-bdde-e78dca579f30" />
      <TestMethod codeBase="E:/Labfiles/Lab 3/Ex4/Starter/GCD Unit Test Project/bin/Debug/Module 3 Unit Test Project.DLL" adapterTypeName="Microsoft.VisualStudio.TestTools.TestTypes.Unit.UnitTestAdapter, Microsoft.VisualStudio.QualityTools.Tips.UnitTest.Adapter, Version=10.0.0.0, Culture=neutral, PublicKeyToken=b03f5f7f11d50a3a" className="Lab3TestProject.GCDAlgorithmsTest, Module 3 Unit Test Project, Version=1.0.0.0, Culture=neutral, PublicKeyToken=null" name="FindGCDEuclidTest" />
    </UnitTest>
  </TestDefinitions>
  <TestLists>
    <TestList name="Results Not in a List" id="8c84fa94-04c1-424b-9868-57a2d4851a1d" />
    <TestList name="All Loaded Results" id="19431567-8539-422a-85d7-44ee4e166bda" />
  </TestLists>
  <TestEntries>
    <TestEntry testId="c52a6d4f-7aea-640e-32a4-c88afd60f4b2" executionId="97d5b2a5-6e25-4a64-812d-fcaa20fe2692" testListId="8c84fa94-04c1-424b-9868-57a2d4851a1d" />
    <TestEntry testId="87b2fd12-20ed-1085-53fc-de9dc4ad4981" executionId="a2bcd686-a0dc-4873-bdde-e78dca579f30" testListId="8c84fa94-04c1-424b-9868-57a2d4851a1d" />
    <TestEntry testId="2e492ccc-3dd9-902d-78f9-22945abe38b1" executionId="2f2a9f5e-74ff-465f-a377-9d617583a3a0" testListId="8c84fa94-04c1-424b-9868-57a2d4851a1d" />
    <TestEntry testId="1d4ef893-e4d6-9113-ebc3-e2a2bdc272e4" executionId="10639666-88ab-4bef-aca1-8ae101d934ab" testListId="8c84fa94-04c1-424b-9868-57a2d4851a1d" />
    <TestEntry testId="c835113f-26cd-99e6-f1f7-f5db022c5d8c" executionId="abeb0503-fda2-4477-b293-d55fd22a5c25" testListId="8c84fa94-04c1-424b-9868-57a2d4851a1d" />
  </TestEntries>
  <Results>
    <UnitTestResult executionId="97d5b2a5-6e25-4a64-812d-fcaa20fe2692" testId="c52a6d4f-7aea-640e-32a4-c88afd60f4b2" testName="GcdSteinTest" computerName="10266A-ANTONYN" duration="00:00:00.0190356" startTime="2010-02-01T04:51:10.7548829-08:00" endTime="2010-02-01T04:51:11.2666016-08:00" testType="13cdc9d9-ddb5-4fa4-a97d-d965ccfc6d4b" outcome="Passed" testListId="8c84fa94-04c1-424b-9868-57a2d4851a1d" relativeResultsDirectory="97d5b2a5-6e25-4a64-812d-fcaa20fe2692">
    </UnitTestResult>
    <UnitTestResult executionId="a2bcd686-a0dc-4873-bdde-e78dca579f30" testId="87b2fd12-20ed-1085-53fc-de9dc4ad4981" testName="FindGCDEuclidTest" computerName="10266A-ANTONYN" duration="00:00:00.0014529" startTime="2010-02-01T04:51:11.2695313-08:00" endTime="2010-02-01T04:51:11.2753907-08:00" testType="13cdc9d9-ddb5-4fa4-a97d-d965ccfc6d4b" outcome="Passed" testListId="8c84fa94-04c1-424b-9868-57a2d4851a1d" relativeResultsDirectory="a2bcd686-a0dc-4873-bdde-e78dca579f30">
    </UnitTestResult>
    <UnitTestResult executionId="2f2a9f5e-74ff-465f-a377-9d617583a3a0" testId="2e492ccc-3dd9-902d-78f9-22945abe38b1" testName="FindGCDEuclidTest1" computerName="10266A-ANTONYN" duration="00:00:00.0035848" startTime="2010-02-01T04:51:11.2773438-08:00" endTime="2010-02-01T04:51:11.2841797-08:00" testType="13cdc9d9-ddb5-4fa4-a97d-d965ccfc6d4b" outcome="Passed" testListId="8c84fa94-04c1-424b-9868-57a2d4851a1d" relativeResultsDirectory="2f2a9f5e-74ff-465f-a377-9d617583a3a0">
    </UnitTestResult>
    <UnitTestResult executionId="10639666-88ab-4bef-aca1-8ae101d934ab" testId="1d4ef893-e4d6-9113-ebc3-e2a2bdc272e4" testName="FindGCDEuclidTest2" computerName="10266A-ANTONYN" duration="00:00:00.0034347" startTime="2010-02-01T04:51:11.2929688-08:00" endTime="2010-02-01T04:51:11.2998047-08:00" testType="13cdc9d9-ddb5-4fa4-a97d-d965ccfc6d4b" outcome="Passed" testListId="8c84fa94-04c1-424b-9868-57a2d4851a1d" relativeResultsDirectory="10639666-88ab-4bef-aca1-8ae101d934ab">
    </UnitTestResult>
    <UnitTestResult executionId="abeb0503-fda2-4477-b293-d55fd22a5c25" testId="c835113f-26cd-99e6-f1f7-f5db022c5d8c" testName="FindGCDEuclidTest3" computerName="10266A-ANTONYN" duration="00:00:02.7585911" startTime="2010-02-01T04:51:11.3330079-08:00" endTime="2010-02-01T04:51:14.1259766-08:00" testType="13cdc9d9-ddb5-4fa4-a97d-d965ccfc6d4b" outcome="Passed" testListId="8c84fa94-04c1-424b-9868-57a2d4851a1d" relativeResultsDirectory="abeb0503-fda2-4477-b293-d55fd22a5c25">
    </UnitTestResult>
  </Results>
</TestRun>