<?xml version="1.0" encoding="UTF-8"?>
<TestRun id="8baf42a7-eac4-4630-91ad-9427361ed913" name="Student@10266A-GEN-DEV 2009-12-01 09:48:47" runUser="10266A-GEN-DEV\Student" xmlns="http://microsoft.com/schemas/VisualStudio/TeamTest/2010">
  <TestSettings name="Local" id="f60eb7dc-8297-4cd2-a0a4-34c4ecb53a71">
    <Description>These are default test settings for a local test run.</Description>
    <Deployment enabled="false" runDeploymentRoot="Student_10266A-GEN-DEV 2009-12-01 09_48_47">
      <DeploymentItem filename="E:\Labfiles\Lab 15\Solution\DynamicLanguageInterop\TestDynamicLanguageInterop\bin\Debug\IronRuby.dll" />
      <DeploymentItem filename="E:\Labfiles\Lab 15\Solution\DynamicLanguageInterop\TestDynamicLanguageInterop\bin\Debug\IronRuby.Libraries.dll" />
      <DeploymentItem filename="E:\Labfiles\Lab 15\Solution\DynamicLanguageInterop\TestDynamicLanguageInterop\bin\Debug\IronPython.dll" />
      <DeploymentItem filename="E:\Labfiles\Lab 15\Solution\DynamicLanguageInterop\TestDynamicLanguageInterop\bin\Debug\IronPython.Modules.dll" />
      <DeploymentItem filename="E:\Labfiles\Lab 15\Solution\DynamicLanguageInterop\DynamicLanguageInterop\bin\Debug\DynamicLanguageInterop.exe" />
      <DeploymentItem filename="E:\Labfiles\Lab 15\Solution\DynamicLanguageInterop\TestDynamicLanguageInterop\bin\Debug\Microsoft.Scripting.dll" />
    </Deployment>
    <Execution>
      <TestTypeSpecific />
      <AgentRule name="Execution Agents">
      </AgentRule>
    </Execution>
  </TestSettings>
  <Times creation="2009-12-01T09:48:47.8954531-08:00" queuing="2009-12-01T09:48:48.4657656-08:00" start="2009-12-01T09:48:48.5585391-08:00" finish="2009-12-01T09:48:52.1054141-08:00" />
  <ResultSummary outcome="Warning">
    <Counters total="2" executed="2" passed="2" error="0" failed="0" timeout="0" aborted="0" inconclusive="0" passedButRunAborted="0" notRunnable="0" notExecuted="0" disconnected="0" warning="0" completed="0" inProgress="0" pending="0" />
    <RunInfos>
      <RunInfo computerName="10266A-GEN-DEV" outcome="Warning" timestamp="2009-12-01T09:48:48.1278750-08:00">
        <Text>Deployment is currently disabled. The deployment item 'DynamicLanguageInterop.exe' on test 'TestDynamicLanguageInterop.InteropTestWindowTest.CreateTrapezoidTest' was not deployed.</Text>
      </RunInfo>
    </RunInfos>
  </ResultSummary>
  <TestDefinitions>
    <UnitTest name="CreateTrapezoidTest" storage="e:\labfiles\lab 15\solution\dynamiclanguageinterop\testdynamiclanguageinterop\bin\debug\testdynamiclanguageinterop.dll" id="21f26b5b-2a14-64a1-5c1c-d41ac345bab4">
      <DeploymentItems>
        <DeploymentItem filename="DynamicLanguageInterop.exe" />
      </DeploymentItems>
      <Execution id="b0664612-2c53-4908-a002-91338b9849cb" />
      <TestMethod codeBase="E:/Labfiles/Lab 15/Solution/DynamicLanguageInterop/TestDynamicLanguageInterop/bin/Debug/TestDynamicLanguageInterop.DLL" adapterTypeName="Microsoft.VisualStudio.TestTools.TestTypes.Unit.UnitTestAdapter, Microsoft.VisualStudio.QualityTools.Tips.UnitTest.Adapter, Version=10.0.0.0, Culture=neutral, PublicKeyToken=b03f5f7f11d50a3a" className="TestDynamicLanguageInterop.InteropTestWindowTest, TestDynamicLanguageInterop, Version=1.0.0.0, Culture=neutral, PublicKeyToken=null" name="CreateTrapezoidTest" />
    </UnitTest>
    <UnitTest name="ShuffleDataTest" storage="e:\labfiles\lab 15\solution\dynamiclanguageinterop\testdynamiclanguageinterop\bin\debug\testdynamiclanguageinterop.dll" id="895ee0a2-872b-58d4-30a6-a7b947c84524">
      <DeploymentItems>
        <DeploymentItem filename="DynamicLanguageInterop.exe" />
      </DeploymentItems>
      <Execution id="3bb5e922-7439-45a7-8479-ec53fc675816" />
      <TestMethod codeBase="E:/Labfiles/Lab 15/Solution/DynamicLanguageInterop/TestDynamicLanguageInterop/bin/Debug/TestDynamicLanguageInterop.DLL" adapterTypeName="Microsoft.VisualStudio.TestTools.TestTypes.Unit.UnitTestAdapter, Microsoft.VisualStudio.QualityTools.Tips.UnitTest.Adapter, Version=10.0.0.0, Culture=neutral, PublicKeyToken=b03f5f7f11d50a3a" className="TestDynamicLanguageInterop.InteropTestWindowTest, TestDynamicLanguageInterop, Version=1.0.0.0, Culture=neutral, PublicKeyToken=null" name="ShuffleDataTest" />
    </UnitTest>
  </TestDefinitions>
  <TestLists>
    <TestList name="Results Not in a List" id="8c84fa94-04c1-424b-9868-57a2d4851a1d" />
    <TestList name="All Loaded Results" id="19431567-8539-422a-85d7-44ee4e166bda" />
  </TestLists>
  <TestEntries>
    <TestEntry testId="21f26b5b-2a14-64a1-5c1c-d41ac345bab4" executionId="b0664612-2c53-4908-a002-91338b9849cb" testListId="8c84fa94-04c1-424b-9868-57a2d4851a1d" />
    <TestEntry testId="895ee0a2-872b-58d4-30a6-a7b947c84524" executionId="3bb5e922-7439-45a7-8479-ec53fc675816" testListId="8c84fa94-04c1-424b-9868-57a2d4851a1d" />
  </TestEntries>
  <Results>
    <UnitTestResult executionId="b0664612-2c53-4908-a002-91338b9849cb" testId="21f26b5b-2a14-64a1-5c1c-d41ac345bab4" testName="CreateTrapezoidTest" computerName="10266A-GEN-DEV" duration="00:00:01.6979090" startTime="2009-12-01T09:48:48.5995547-08:00" endTime="2009-12-01T09:48:50.7558047-08:00" testType="13cdc9d9-ddb5-4fa4-a97d-d965ccfc6d4b" outcome="Passed" testListId="8c84fa94-04c1-424b-9868-57a2d4851a1d" relativeResultsDirectory="b0664612-2c53-4908-a002-91338b9849cb">
    </UnitTestResult>
    <UnitTestResult executionId="3bb5e922-7439-45a7-8479-ec53fc675816" testId="895ee0a2-872b-58d4-30a6-a7b947c84524" testName="ShuffleDataTest" computerName="10266A-GEN-DEV" duration="00:00:01.2260683" startTime="2009-12-01T09:48:50.7587344-08:00" endTime="2009-12-01T09:48:51.9960391-08:00" testType="13cdc9d9-ddb5-4fa4-a97d-d965ccfc6d4b" outcome="Passed" testListId="8c84fa94-04c1-424b-9868-57a2d4851a1d" relativeResultsDirectory="3bb5e922-7439-45a7-8479-ec53fc675816">
    </UnitTestResult>
  </Results>
</TestRun>