<?xml version="1.0" encoding="UTF-8"?>
<TestRun id="82c562eb-39cf-4625-bbfb-4d0b07edcd15" name="Student@10266A-GEN-DEV- 2010-02-03 01:38:44" runUser="10266A-GEN-DEV-\Student" xmlns="http://microsoft.com/schemas/VisualStudio/TeamTest/2010">
  <TestSettings name="Local" id="ec544e03-20d0-4280-bdbf-9f992f5801fd">
    <Description>These are default test settings for a local test run.</Description>
    <Deployment enabled="false" runDeploymentRoot="Student_10266A-GEN-DEV- 2010-02-03 01_38_44">
      <DeploymentItem filename="E:\Labfiles\Lab 4\Ex 2 - Detecting Exceptions\Starter\MatrixMultiplication\bin\Debug\MatrixMultiplication.exe" />
    </Deployment>
    <Execution>
      <TestTypeSpecific />
      <AgentRule name="Execution Agents">
      </AgentRule>
    </Execution>
  </TestSettings>
  <Times creation="2010-02-03T01:38:44.0740938-08:00" queuing="2010-02-03T01:38:44.1063203-08:00" start="2010-02-03T01:38:44.1238984-08:00" finish="2010-02-03T01:38:44.5682344-08:00" />
  <ResultSummary outcome="Completed">
    <Counters total="3" executed="3" passed="3" error="0" failed="0" timeout="0" aborted="0" inconclusive="0" passedButRunAborted="0" notRunnable="0" notExecuted="0" disconnected="0" warning="0" completed="0" inProgress="0" pending="0" />
  </ResultSummary>
  <TestDefinitions>
    <UnitTest name="MatrixMultiplyTest1" storage="e:\labfiles\lab 4\ex 2 - detecting exceptions\starter\matrix unit test project\bin\debug\module 4 unit test project.dll" id="0f679c2e-619a-fab9-64a5-dcb018921581">
      <Execution id="659c8f0b-c6e2-4040-b613-e46b934c6aec" />
      <TestMethod codeBase="E:/Labfiles/Lab 4/Ex 2 - Detecting Exceptions/Starter/Matrix Unit Test Project/bin/Debug/Module 4 Unit Test Project.DLL" adapterTypeName="Microsoft.VisualStudio.TestTools.TestTypes.Unit.UnitTestAdapter, Microsoft.VisualStudio.QualityTools.Tips.UnitTest.Adapter, Version=10.0.0.0, Culture=neutral, PublicKeyToken=b03f5f7f11d50a3a" className="Lab4UnitTests.MatrixTest, Module 4 Unit Test Project, Version=1.0.0.0, Culture=neutral, PublicKeyToken=null" name="MatrixMultiplyTest1" />
    </UnitTest>
    <UnitTest name="MatrixMultiplyTest3" storage="e:\labfiles\lab 4\ex 2 - detecting exceptions\starter\matrix unit test project\bin\debug\module 4 unit test project.dll" id="48bb4ce0-916f-fd78-cb24-8c67a8d2a76b">
      <Execution id="4bb84eeb-2e50-48c7-92f3-9c5d04f58991" />
      <TestMethod codeBase="E:/Labfiles/Lab 4/Ex 2 - Detecting Exceptions/Starter/Matrix Unit Test Project/bin/Debug/Module 4 Unit Test Project.DLL" adapterTypeName="Microsoft.VisualStudio.TestTools.TestTypes.Unit.UnitTestAdapter, Microsoft.VisualStudio.QualityTools.Tips.UnitTest.Adapter, Version=10.0.0.0, Culture=neutral, PublicKeyToken=b03f5f7f11d50a3a" className="Lab4UnitTests.MatrixTest, Module 4 Unit Test Project, Version=1.0.0.0, Culture=neutral, PublicKeyToken=null" name="MatrixMultiplyTest3" />
    </UnitTest>
    <UnitTest name="MatrixMultiplyTest2" storage="e:\labfiles\lab 4\ex 2 - detecting exceptions\starter\matrix unit test project\bin\debug\module 4 unit test project.dll" id="16e12141-9207-2540-ef3e-b656cbc6231c">
      <Execution id="6dfe46ae-f5dc-463c-91c5-3b8fe7c54f30" />
      <TestMethod codeBase="E:/Labfiles/Lab 4/Ex 2 - Detecting Exceptions/Starter/Matrix Unit Test Project/bin/Debug/Module 4 Unit Test Project.DLL" adapterTypeName="Microsoft.VisualStudio.TestTools.TestTypes.Unit.UnitTestAdapter, Microsoft.VisualStudio.QualityTools.Tips.UnitTest.Adapter, Version=10.0.0.0, Culture=neutral, PublicKeyToken=b03f5f7f11d50a3a" className="Lab4UnitTests.MatrixTest, Module 4 Unit Test Project, Version=1.0.0.0, Culture=neutral, PublicKeyToken=null" name="MatrixMultiplyTest2" />
    </UnitTest>
  </TestDefinitions>
  <TestLists>
    <TestList name="Results Not in a List" id="8c84fa94-04c1-424b-9868-57a2d4851a1d" />
    <TestList name="All Loaded Results" id="19431567-8539-422a-85d7-44ee4e166bda" />
  </TestLists>
  <TestEntries>
    <TestEntry testId="0f679c2e-619a-fab9-64a5-dcb018921581" executionId="659c8f0b-c6e2-4040-b613-e46b934c6aec" testListId="8c84fa94-04c1-424b-9868-57a2d4851a1d" />
    <TestEntry testId="16e12141-9207-2540-ef3e-b656cbc6231c" executionId="6dfe46ae-f5dc-463c-91c5-3b8fe7c54f30" testListId="8c84fa94-04c1-424b-9868-57a2d4851a1d" />
    <TestEntry testId="48bb4ce0-916f-fd78-cb24-8c67a8d2a76b" executionId="4bb84eeb-2e50-48c7-92f3-9c5d04f58991" testListId="8c84fa94-04c1-424b-9868-57a2d4851a1d" />
  </TestEntries>
  <Results>
    <UnitTestResult executionId="659c8f0b-c6e2-4040-b613-e46b934c6aec" testId="0f679c2e-619a-fab9-64a5-dcb018921581" testName="MatrixMultiplyTest1" computerName="10266A-GEN-DEV-" duration="00:00:00.0145783" startTime="2010-02-03T01:38:44.1483125-08:00" endTime="2010-02-03T01:38:44.4988984-08:00" testType="13cdc9d9-ddb5-4fa4-a97d-d965ccfc6d4b" outcome="Passed" testListId="8c84fa94-04c1-424b-9868-57a2d4851a1d" relativeResultsDirectory="659c8f0b-c6e2-4040-b613-e46b934c6aec">
    </UnitTestResult>
    <UnitTestResult executionId="6dfe46ae-f5dc-463c-91c5-3b8fe7c54f30" testId="16e12141-9207-2540-ef3e-b656cbc6231c" testName="MatrixMultiplyTest2" computerName="10266A-GEN-DEV-" duration="00:00:00.0002584" startTime="2010-02-03T01:38:44.5028047-08:00" endTime="2010-02-03T01:38:44.5057344-08:00" testType="13cdc9d9-ddb5-4fa4-a97d-d965ccfc6d4b" outcome="Passed" testListId="8c84fa94-04c1-424b-9868-57a2d4851a1d" relativeResultsDirectory="6dfe46ae-f5dc-463c-91c5-3b8fe7c54f30">
    </UnitTestResult>
    <UnitTestResult executionId="4bb84eeb-2e50-48c7-92f3-9c5d04f58991" testId="48bb4ce0-916f-fd78-cb24-8c67a8d2a76b" testName="MatrixMultiplyTest3" computerName="10266A-GEN-DEV-" duration="00:00:00.0001173" startTime="2010-02-03T01:38:44.5076875-08:00" endTime="2010-02-03T01:38:44.5106172-08:00" testType="13cdc9d9-ddb5-4fa4-a97d-d965ccfc6d4b" outcome="Passed" testListId="8c84fa94-04c1-424b-9868-57a2d4851a1d" relativeResultsDirectory="4bb84eeb-2e50-48c7-92f3-9c5d04f58991">
    </UnitTestResult>
  </Results>
</TestRun>