<?xml version="1.0" encoding="UTF-8"?>
<TestRun id="14e9e449-7833-4390-ad8d-178af0f3fbda" name="Student@10266A-GEN-DEV 2010-02-12 13:47:19" runUser="10266A-GEN-DEV\Student" xmlns="http://microsoft.com/schemas/VisualStudio/TeamTest/2010">
  <TestSettings name="Default Test Settings" id="8f8d35e2-f98b-4228-8df3-1e954bcf289d">
    <Deployment runDeploymentRoot="Student_10266A-GEN-DEV 2010-02-12 13_47_19">
      <DeploymentItem filename="E:\Labfiles\Lab 15\Solution\GenerateGraph\GenerateGraph\bin\Debug\GenerateGraph.exe" />
    </Deployment>
    <Execution>
      <TestTypeSpecific />
      <AgentRule name="Execution Agents">
      </AgentRule>
    </Execution>
  </TestSettings>
  <Times creation="2010-02-12T13:47:19.9554766-08:00" queuing="2010-02-12T13:47:21.2103594-08:00" start="2010-02-12T13:47:21.3041094-08:00" finish="2010-02-12T13:47:24.3822344-08:00" />
  <ResultSummary outcome="Completed">
    <Counters total="2" executed="2" passed="2" error="0" failed="0" timeout="0" aborted="0" inconclusive="0" passedButRunAborted="0" notRunnable="0" notExecuted="0" disconnected="0" warning="0" completed="0" inProgress="0" pending="0" />
  </ResultSummary>
  <TestDefinitions>
    <UnitTest name="generateExcelChartTest" storage="e:\labfiles\lab 15\solution\generategraph\testgenerategraph\bin\debug\testgenerategraph.dll" id="4057a1ff-56f6-7ac5-1e09-999e9fbb28bf">
      <DeploymentItems>
        <DeploymentItem filename="GenerateGraph.exe" />
      </DeploymentItems>
      <Execution id="ee7e3735-ad47-4a76-8b4b-3cb3435370ed" />
      <TestMethod codeBase="E:/Labfiles/Lab 15/Solution/GenerateGraph/TestGenerateGraph/bin/Debug/TestGenerateGraph.DLL" adapterTypeName="Microsoft.VisualStudio.TestTools.TestTypes.Unit.UnitTestAdapter, Microsoft.VisualStudio.QualityTools.Tips.UnitTest.Adapter, Version=10.0.0.0, Culture=neutral, PublicKeyToken=b03f5f7f11d50a3a" className="TestGenerateGraph.GraphWindowTest, TestGenerateGraph, Version=1.0.0.0, Culture=neutral, PublicKeyToken=null" name="generateExcelChartTest" />
    </UnitTest>
    <UnitTest name="transferDataToExcelSheetTest" storage="e:\labfiles\lab 15\solution\generategraph\testgenerategraph\bin\debug\testgenerategraph.dll" id="0294adaa-71e3-d0b7-ae43-04e759e91499">
      <DeploymentItems>
        <DeploymentItem filename="GenerateGraph.exe" />
      </DeploymentItems>
      <Execution id="0472e65f-c464-4082-81c2-3a5ae2e31a36" />
      <TestMethod codeBase="E:/Labfiles/Lab 15/Solution/GenerateGraph/TestGenerateGraph/bin/Debug/TestGenerateGraph.DLL" adapterTypeName="Microsoft.VisualStudio.TestTools.TestTypes.Unit.UnitTestAdapter, Microsoft.VisualStudio.QualityTools.Tips.UnitTest.Adapter, Version=10.0.0.0, Culture=neutral, PublicKeyToken=b03f5f7f11d50a3a" className="TestGenerateGraph.GraphWindowTest, TestGenerateGraph, Version=1.0.0.0, Culture=neutral, PublicKeyToken=null" name="transferDataToExcelSheetTest" />
    </UnitTest>
  </TestDefinitions>
  <TestLists>
    <TestList name="Results Not in a List" id="8c84fa94-04c1-424b-9868-57a2d4851a1d" />
    <TestList name="All Loaded Results" id="19431567-8539-422a-85d7-44ee4e166bda" />
  </TestLists>
  <TestEntries>
    <TestEntry testId="0294adaa-71e3-d0b7-ae43-04e759e91499" executionId="0472e65f-c464-4082-81c2-3a5ae2e31a36" testListId="8c84fa94-04c1-424b-9868-57a2d4851a1d" />
    <TestEntry testId="4057a1ff-56f6-7ac5-1e09-999e9fbb28bf" executionId="ee7e3735-ad47-4a76-8b4b-3cb3435370ed" testListId="8c84fa94-04c1-424b-9868-57a2d4851a1d" />
  </TestEntries>
  <Results>
    <UnitTestResult executionId="0472e65f-c464-4082-81c2-3a5ae2e31a36" testId="0294adaa-71e3-d0b7-ae43-04e759e91499" testName="transferDataToExcelSheetTest" computerName="10266A-GEN-DEV" duration="00:00:01.2062608" startTime="2010-02-12T13:47:21.3509844-08:00" endTime="2010-02-12T13:47:23.0384844-08:00" testType="13cdc9d9-ddb5-4fa4-a97d-d965ccfc6d4b" outcome="Passed" testListId="8c84fa94-04c1-424b-9868-57a2d4851a1d" relativeResultsDirectory="0472e65f-c464-4082-81c2-3a5ae2e31a36">
    </UnitTestResult>
    <UnitTestResult executionId="ee7e3735-ad47-4a76-8b4b-3cb3435370ed" testId="4057a1ff-56f6-7ac5-1e09-999e9fbb28bf" testName="generateExcelChartTest" computerName="10266A-GEN-DEV" duration="00:00:01.1682727" startTime="2010-02-12T13:47:23.0384844-08:00" endTime="2010-02-12T13:47:24.2103594-08:00" testType="13cdc9d9-ddb5-4fa4-a97d-d965ccfc6d4b" outcome="Passed" testListId="8c84fa94-04c1-424b-9868-57a2d4851a1d" relativeResultsDirectory="ee7e3735-ad47-4a76-8b4b-3cb3435370ed">
    </UnitTestResult>
  </Results>
</TestRun>