<?xml version="1.0" encoding="UTF-8"?>
<TestRun id="fcf196e1-c8ed-420e-a520-5e321f50421c" name="Student@10266A-ANTONYN 2010-01-28 02:13:50" runUser="10266A-ANTONYN\Student" xmlns="http://microsoft.com/schemas/VisualStudio/TeamTest/2010">
  <TestSettings name="Local" id="b8f7e7af-7166-4012-8299-ba938cc07681">
    <Description>These are default test settings for a local test run.</Description>
    <Deployment enabled="false" runDeploymentRoot="Student_10266A-ANTONYN 2010-01-28 02_13_50">
      <DeploymentItem filename="E:\Labfiles\Lab 3\Ex5\Starter\GaussianElimination\bin\Debug\GaussianElimination.exe" />
    </Deployment>
    <Execution>
      <TestTypeSpecific />
      <AgentRule name="Execution Agents">
      </AgentRule>
    </Execution>
  </TestSettings>
  <Times creation="2010-01-28T02:13:50.5402968-08:00" queuing="2010-01-28T02:13:52.4260390-08:00" start="2010-01-28T02:13:52.6262343-08:00" finish="2010-01-28T02:13:53.4445937-08:00" />
  <ResultSummary outcome="Completed">
    <Counters total="1" executed="1" passed="1" error="0" failed="0" timeout="0" aborted="0" inconclusive="0" passedButRunAborted="0" notRunnable="0" notExecuted="0" disconnected="0" warning="0" completed="0" inProgress="0" pending="0" />
  </ResultSummary>
  <TestDefinitions>
    <UnitTest name="SolveGaussianTest" storage="e:\labfiles\lab 3\ex5\starter\gauss test project\bin\debug\gauss test project.dll" id="3a846be5-3eae-2597-1a0a-810d2926a176">
      <Execution id="0eb1e3eb-76ae-4d19-a713-a14534727b05" />
      <TestMethod codeBase="E:/Labfiles/Lab 3/Ex5/Starter/Gauss Test Project/bin/Debug/Gauss Test Project.DLL" adapterTypeName="Microsoft.VisualStudio.TestTools.TestTypes.Unit.UnitTestAdapter, Microsoft.VisualStudio.QualityTools.Tips.UnitTest.Adapter, Version=10.0.0.0, Culture=neutral, PublicKeyToken=b03f5f7f11d50a3a" className="Gauss_Test_Project.GaussTest, Gauss Test Project, Version=1.0.0.0, Culture=neutral, PublicKeyToken=null" name="SolveGaussianTest" />
    </UnitTest>
  </TestDefinitions>
  <TestLists>
    <TestList name="Results Not in a List" id="8c84fa94-04c1-424b-9868-57a2d4851a1d" />
    <TestList name="All Loaded Results" id="19431567-8539-422a-85d7-44ee4e166bda" />
  </TestLists>
  <TestEntries>
    <TestEntry testId="3a846be5-3eae-2597-1a0a-810d2926a176" executionId="0eb1e3eb-76ae-4d19-a713-a14534727b05" testListId="8c84fa94-04c1-424b-9868-57a2d4851a1d" />
  </TestEntries>
  <Results>
    <UnitTestResult executionId="0eb1e3eb-76ae-4d19-a713-a14534727b05" testId="3a846be5-3eae-2597-1a0a-810d2926a176" testName="SolveGaussianTest" computerName="10266A-ANTONYN" duration="00:00:00.0544597" startTime="2010-01-28T02:13:52.7180312-08:00" endTime="2010-01-28T02:13:53.2483046-08:00" testType="13cdc9d9-ddb5-4fa4-a97d-d965ccfc6d4b" outcome="Passed" testListId="8c84fa94-04c1-424b-9868-57a2d4851a1d" relativeResultsDirectory="0eb1e3eb-76ae-4d19-a713-a14534727b05">
    </UnitTestResult>
  </Results>
</TestRun>