<?xml version="1.0" encoding="UTF-8"?>
<TestRun id="38ce7a2e-132f-46f6-86ff-8e636ea8a0ef" name="Student@10266A-ANTONYN 2010-02-01 04:48:39" runUser="10266A-ANTONYN\Student" xmlns="http://microsoft.com/schemas/VisualStudio/TeamTest/2010">
  <TestSettings name="Local" id="d091077b-0f37-40bc-9f73-bce729aa63a3">
    <Description>These are default test settings for a local test run.</Description>
    <Deployment enabled="false" runDeploymentRoot="Student_10266A-ANTONYN 2010-02-01 04_48_39">
      <DeploymentItem filename="E:\Labfiles\Lab 3\Ex3\Solution\GreatestCommonDivisor\bin\Debug\Module3.exe" />
    </Deployment>
    <Execution>
      <TestTypeSpecific />
      <AgentRule name="Execution Agents">
      </AgentRule>
    </Execution>
  </TestSettings>
  <Times creation="2010-02-01T04:48:39.8730469-08:00" queuing="2010-02-01T04:48:39.8808594-08:00" start="2010-02-01T04:48:40.1503907-08:00" finish="2010-02-01T04:48:40.8974610-08:00" />
  <ResultSummary outcome="Completed">
    <Counters total="2" executed="2" passed="2" error="0" failed="0" timeout="0" aborted="0" inconclusive="0" passedButRunAborted="0" notRunnable="0" notExecuted="0" disconnected="0" warning="0" completed="0" inProgress="0" pending="0" />
  </ResultSummary>
  <TestDefinitions>
    <UnitTest name="FindGCDEuclidTest" storage="e:\labfiles\lab 3\ex3\solution\gcd unit test project\bin\debug\module 3 unit test project.dll" id="d9247c9a-b1f3-a576-5561-acd3205674b6">
      <Execution id="351b66cf-e761-4d07-8f3f-45453091b48a" />
      <TestMethod codeBase="E:/Labfiles/Lab 3/Ex3/Solution/GCD Unit Test Project/bin/Debug/Module 3 Unit Test Project.DLL" adapterTypeName="Microsoft.VisualStudio.TestTools.TestTypes.Unit.UnitTestAdapter, Microsoft.VisualStudio.QualityTools.Tips.UnitTest.Adapter, Version=10.0.0.0, Culture=neutral, PublicKeyToken=b03f5f7f11d50a3a" className="GCDTestProject.GCDAlgorithmsTest, Module 3 Unit Test Project, Version=1.0.0.0, Culture=neutral, PublicKeyToken=null" name="FindGCDEuclidTest" />
    </UnitTest>
    <UnitTest name="GcdSteinTest" storage="e:\labfiles\lab 3\ex3\solution\gcd unit test project\bin\debug\module 3 unit test project.dll" id="dd0acf0d-7acb-a221-aaae-ef414e9a958c">
      <Execution id="077b036c-c1bd-4b5d-a4f8-0b4e1fd3c9f6" />
      <TestMethod codeBase="E:/Labfiles/Lab 3/Ex3/Solution/GCD Unit Test Project/bin/Debug/Module 3 Unit Test Project.DLL" adapterTypeName="Microsoft.VisualStudio.TestTools.TestTypes.Unit.UnitTestAdapter, Microsoft.VisualStudio.QualityTools.Tips.UnitTest.Adapter, Version=10.0.0.0, Culture=neutral, PublicKeyToken=b03f5f7f11d50a3a" className="GCDTestProject.GCDAlgorithmsTest, Module 3 Unit Test Project, Version=1.0.0.0, Culture=neutral, PublicKeyToken=null" name="GcdSteinTest" />
    </UnitTest>
  </TestDefinitions>
  <TestLists>
    <TestList name="Results Not in a List" id="8c84fa94-04c1-424b-9868-57a2d4851a1d" />
    <TestList name="All Loaded Results" id="19431567-8539-422a-85d7-44ee4e166bda" />
  </TestLists>
  <TestEntries>
    <TestEntry testId="d9247c9a-b1f3-a576-5561-acd3205674b6" executionId="351b66cf-e761-4d07-8f3f-45453091b48a" testListId="8c84fa94-04c1-424b-9868-57a2d4851a1d" />
    <TestEntry testId="dd0acf0d-7acb-a221-aaae-ef414e9a958c" executionId="077b036c-c1bd-4b5d-a4f8-0b4e1fd3c9f6" testListId="8c84fa94-04c1-424b-9868-57a2d4851a1d" />
  </TestEntries>
  <Results>
    <UnitTestResult executionId="351b66cf-e761-4d07-8f3f-45453091b48a" testId="d9247c9a-b1f3-a576-5561-acd3205674b6" testName="FindGCDEuclidTest" computerName="10266A-ANTONYN" duration="00:00:00.0185135" startTime="2010-02-01T04:48:40.2216797-08:00" endTime="2010-02-01T04:48:40.6367188-08:00" testType="13cdc9d9-ddb5-4fa4-a97d-d965ccfc6d4b" outcome="Passed" testListId="8c84fa94-04c1-424b-9868-57a2d4851a1d" relativeResultsDirectory="351b66cf-e761-4d07-8f3f-45453091b48a">
    </UnitTestResult>
    <UnitTestResult executionId="077b036c-c1bd-4b5d-a4f8-0b4e1fd3c9f6" testId="dd0acf0d-7acb-a221-aaae-ef414e9a958c" testName="GcdSteinTest" computerName="10266A-ANTONYN" duration="00:00:00.0011398" startTime="2010-02-01T04:48:40.6396485-08:00" endTime="2010-02-01T04:48:40.6455079-08:00" testType="13cdc9d9-ddb5-4fa4-a97d-d965ccfc6d4b" outcome="Passed" testListId="8c84fa94-04c1-424b-9868-57a2d4851a1d" relativeResultsDirectory="077b036c-c1bd-4b5d-a4f8-0b4e1fd3c9f6">
    </UnitTestResult>
  </Results>
</TestRun>