<?xml version="1.0" encoding="UTF-8"?>
<TestRun id="398e7869-0bdc-4b41-89fe-0f07b408eba2" name="Student@10266A-ANTONYN 2010-02-02 02:02:59" runUser="10266A-ANTONYN\Student" xmlns="http://microsoft.com/schemas/VisualStudio/TeamTest/2010">
  <TestSettings name="Local" id="d091077b-0f37-40bc-9f73-bce729aa63a3">
    <Description>These are default test settings for a local test run.</Description>
    <Deployment enabled="false" runDeploymentRoot="Student_10266A-ANTONYN 2010-02-02 02_02_59">
      <DeploymentItem filename="E:\Labfiles\Lab 3\Ex3\Solution\GreatestCommonDivisor\bin\Debug\Module3.exe" />
    </Deployment>
    <Execution>
      <TestTypeSpecific />
      <AgentRule name="Execution Agents">
      </AgentRule>
    </Execution>
  </TestSettings>
  <Times creation="2010-02-02T02:02:59.1128671-08:00" queuing="2010-02-02T02:03:00.5542734-08:00" start="2010-02-02T02:03:00.8609140-08:00" finish="2010-02-02T02:03:01.8638437-08:00" />
  <ResultSummary outcome="Completed">
    <Counters total="2" executed="2" passed="2" error="0" failed="0" timeout="0" aborted="0" inconclusive="0" passedButRunAborted="0" notRunnable="0" notExecuted="0" disconnected="0" warning="0" completed="0" inProgress="0" pending="0" />
  </ResultSummary>
  <TestDefinitions>
    <UnitTest name="FindGCDEuclidTest" storage="e:\labfiles\lab 3\ex3\solution\gcd unit test project\bin\debug\module 3 unit test project.dll" id="d9247c9a-b1f3-a576-5561-acd3205674b6">
      <Execution id="327c822e-9bfc-4c3b-8cd1-a308fea85a9b" />
      <TestMethod codeBase="E:/Labfiles/Lab 3/Ex3/Solution/GCD Unit Test Project/bin/Debug/Module 3 Unit Test Project.DLL" adapterTypeName="Microsoft.VisualStudio.TestTools.TestTypes.Unit.UnitTestAdapter, Microsoft.VisualStudio.QualityTools.Tips.UnitTest.Adapter, Version=10.0.0.0, Culture=neutral, PublicKeyToken=b03f5f7f11d50a3a" className="GCDTestProject.GCDAlgorithmsTest, Module 3 Unit Test Project, Version=1.0.0.0, Culture=neutral, PublicKeyToken=null" name="FindGCDEuclidTest" />
    </UnitTest>
    <UnitTest name="FindGCDSteinTest" storage="e:\labfiles\lab 3\ex3\solution\gcd unit test project\bin\debug\module 3 unit test project.dll" id="599fa1f1-cbc3-6617-85db-d37f7e7b8ecc">
      <Execution id="85c71236-3b6b-42e5-89dd-2845cb36c99c" />
      <TestMethod codeBase="E:/Labfiles/Lab 3/Ex3/Solution/GCD Unit Test Project/bin/Debug/Module 3 Unit Test Project.DLL" adapterTypeName="Microsoft.VisualStudio.TestTools.TestTypes.Unit.UnitTestAdapter, Microsoft.VisualStudio.QualityTools.Tips.UnitTest.Adapter, Version=10.0.0.0, Culture=neutral, PublicKeyToken=b03f5f7f11d50a3a" className="GCDTestProject.GCDAlgorithmsTest, Module 3 Unit Test Project, Version=1.0.0.0, Culture=neutral, PublicKeyToken=null" name="FindGCDSteinTest" />
    </UnitTest>
  </TestDefinitions>
  <TestLists>
    <TestList name="Results Not in a List" id="8c84fa94-04c1-424b-9868-57a2d4851a1d" />
    <TestList name="All Loaded Results" id="19431567-8539-422a-85d7-44ee4e166bda" />
  </TestLists>
  <TestEntries>
    <TestEntry testId="d9247c9a-b1f3-a576-5561-acd3205674b6" executionId="327c822e-9bfc-4c3b-8cd1-a308fea85a9b" testListId="8c84fa94-04c1-424b-9868-57a2d4851a1d" />
    <TestEntry testId="599fa1f1-cbc3-6617-85db-d37f7e7b8ecc" executionId="85c71236-3b6b-42e5-89dd-2845cb36c99c" testListId="8c84fa94-04c1-424b-9868-57a2d4851a1d" />
  </TestEntries>
  <Results>
    <UnitTestResult executionId="327c822e-9bfc-4c3b-8cd1-a308fea85a9b" testId="d9247c9a-b1f3-a576-5561-acd3205674b6" testName="FindGCDEuclidTest" computerName="10266A-ANTONYN" duration="00:00:00.0188035" startTime="2010-02-02T02:03:00.9361093-08:00" endTime="2010-02-02T02:03:01.5249765-08:00" testType="13cdc9d9-ddb5-4fa4-a97d-d965ccfc6d4b" outcome="Passed" testListId="8c84fa94-04c1-424b-9868-57a2d4851a1d" relativeResultsDirectory="327c822e-9bfc-4c3b-8cd1-a308fea85a9b">
    </UnitTestResult>
    <UnitTestResult executionId="85c71236-3b6b-42e5-89dd-2845cb36c99c" testId="599fa1f1-cbc3-6617-85db-d37f7e7b8ecc" testName="FindGCDSteinTest" computerName="10266A-ANTONYN" duration="00:00:00.0010828" startTime="2010-02-02T02:03:01.5366953-08:00" endTime="2010-02-02T02:03:01.5474375-08:00" testType="13cdc9d9-ddb5-4fa4-a97d-d965ccfc6d4b" outcome="Passed" testListId="8c84fa94-04c1-424b-9868-57a2d4851a1d" relativeResultsDirectory="85c71236-3b6b-42e5-89dd-2845cb36c99c">
    </UnitTestResult>
  </Results>
</TestRun>