<?xml version="1.0" encoding="UTF-8"?>
<TestRun id="6e439083-59bd-490b-ab7b-c3c9ad1872d6" name="Student@10266A-ANTONYN 2010-02-01 04:06:39" runUser="10266A-ANTONYN\Student" xmlns="http://microsoft.com/schemas/VisualStudio/TeamTest/2010">
  <TestSettings name="Local" id="d091077b-0f37-40bc-9f73-bce729aa63a3">
    <Description>These are default test settings for a local test run.</Description>
    <Deployment enabled="false" runDeploymentRoot="Student_10266A-ANTONYN 2010-02-01 04_06_39">
      <DeploymentItem filename="E:\Labfiles\Lab 3\Ex3\Starter\GreatestCommonDivisor\bin\Debug\Module3.exe" />
    </Deployment>
    <Execution>
      <TestTypeSpecific />
      <AgentRule name="Execution Agents">
      </AgentRule>
    </Execution>
  </TestSettings>
  <Times creation="2010-02-01T04:06:39.7773438-08:00" queuing="2010-02-01T04:06:40.4726563-08:00" start="2010-02-01T04:06:40.7148438-08:00" finish="2010-02-01T04:06:41.4628907-08:00" />
  <ResultSummary outcome="Completed">
    <Counters total="1" executed="1" passed="1" error="0" failed="0" timeout="0" aborted="0" inconclusive="0" passedButRunAborted="0" notRunnable="0" notExecuted="0" disconnected="0" warning="0" completed="0" inProgress="0" pending="0" />
  </ResultSummary>
  <TestDefinitions>
    <UnitTest name="GcdSteinTest" storage="e:\labfiles\lab 3\ex3\starter\gcd unit test project\bin\debug\module 3 unit test project.dll" id="dd0acf0d-7acb-a221-aaae-ef414e9a958c">
      <Execution id="8ec3005c-44e4-4ff1-919e-81ed4ba7db23" />
      <TestMethod codeBase="E:/Labfiles/Lab 3/Ex3/Starter/GCD Unit Test Project/bin/Debug/Module 3 Unit Test Project.DLL" adapterTypeName="Microsoft.VisualStudio.TestTools.TestTypes.Unit.UnitTestAdapter, Microsoft.VisualStudio.QualityTools.Tips.UnitTest.Adapter, Version=10.0.0.0, Culture=neutral, PublicKeyToken=b03f5f7f11d50a3a" className="GCDTestProject.GCDAlgorithmsTest, Module 3 Unit Test Project, Version=1.0.0.0, Culture=neutral, PublicKeyToken=null" name="GcdSteinTest" />
    </UnitTest>
  </TestDefinitions>
  <TestLists>
    <TestList name="Results Not in a List" id="8c84fa94-04c1-424b-9868-57a2d4851a1d" />
    <TestList name="All Loaded Results" id="19431567-8539-422a-85d7-44ee4e166bda" />
  </TestLists>
  <TestEntries>
    <TestEntry testId="dd0acf0d-7acb-a221-aaae-ef414e9a958c" executionId="8ec3005c-44e4-4ff1-919e-81ed4ba7db23" testListId="8c84fa94-04c1-424b-9868-57a2d4851a1d" />
  </TestEntries>
  <Results>
    <UnitTestResult executionId="8ec3005c-44e4-4ff1-919e-81ed4ba7db23" testId="dd0acf0d-7acb-a221-aaae-ef414e9a958c" testName="GcdSteinTest" computerName="10266A-ANTONYN" duration="00:00:00.0191032" startTime="2010-02-01T04:06:40.7988282-08:00" endTime="2010-02-01T04:06:41.2685547-08:00" testType="13cdc9d9-ddb5-4fa4-a97d-d965ccfc6d4b" outcome="Passed" testListId="8c84fa94-04c1-424b-9868-57a2d4851a1d" relativeResultsDirectory="8ec3005c-44e4-4ff1-919e-81ed4ba7db23">
    </UnitTestResult>
  </Results>
</TestRun>