<?xml version="1.0" encoding="UTF-8"?>
<TestRun id="7640dba9-3afd-4fac-be51-b1019450ae88" name="Student@10266A-ANTONYN 2010-01-28 02:42:13" runUser="10266A-ANTONYN\Student" xmlns="http://microsoft.com/schemas/VisualStudio/TeamTest/2010">
  <TestSettings name="Local" id="b8f7e7af-7166-4012-8299-ba938cc07681">
    <Description>These are default test settings for a local test run.</Description>
    <Deployment enabled="false" runDeploymentRoot="Student_10266A-ANTONYN 2010-01-28 02_42_13">
      <DeploymentItem filename="E:\Labfiles\Lab 3\Ex5\Starter\GaussianElimination\bin\Debug\GaussianElimination.exe" />
    </Deployment>
    <Execution>
      <TestTypeSpecific />
      <AgentRule name="Execution Agents">
      </AgentRule>
    </Execution>
  </TestSettings>
  <Times creation="2010-01-28T02:42:13.2971328-08:00" queuing="2010-01-28T02:42:13.3254531-08:00" start="2010-01-28T02:42:13.5412734-08:00" finish="2010-01-28T02:42:14.2414687-08:00" />
  <ResultSummary outcome="Completed">
    <Counters total="3" executed="3" passed="3" error="0" failed="0" timeout="0" aborted="0" inconclusive="0" passedButRunAborted="0" notRunnable="0" notExecuted="0" disconnected="0" warning="0" completed="0" inProgress="0" pending="0" />
  </ResultSummary>
  <TestDefinitions>
    <UnitTest name="SolveGaussianTest" storage="e:\labfiles\lab 3\ex5\starter\gauss test project\bin\debug\gauss test project.dll" id="3a846be5-3eae-2597-1a0a-810d2926a176">
      <Execution id="749f11f8-3b55-488b-b504-9773c72eef84" />
      <TestMethod codeBase="E:/Labfiles/Lab 3/Ex5/Starter/Gauss Test Project/bin/Debug/Gauss Test Project.DLL" adapterTypeName="Microsoft.VisualStudio.TestTools.TestTypes.Unit.UnitTestAdapter, Microsoft.VisualStudio.QualityTools.Tips.UnitTest.Adapter, Version=10.0.0.0, Culture=neutral, PublicKeyToken=b03f5f7f11d50a3a" className="Gauss_Test_Project.GaussTest, Gauss Test Project, Version=1.0.0.0, Culture=neutral, PublicKeyToken=null" name="SolveGaussianTest" />
    </UnitTest>
    <UnitTest name="SolveGaussianTest1" storage="e:\labfiles\lab 3\ex5\starter\gauss test project\bin\debug\gauss test project.dll" id="1fedd00b-f850-f94a-6aa2-eae4c4f33343">
      <Execution id="3a116624-a003-4364-a5cf-4361c84b2832" />
      <TestMethod codeBase="E:/Labfiles/Lab 3/Ex5/Starter/Gauss Test Project/bin/Debug/Gauss Test Project.DLL" adapterTypeName="Microsoft.VisualStudio.TestTools.TestTypes.Unit.UnitTestAdapter, Microsoft.VisualStudio.QualityTools.Tips.UnitTest.Adapter, Version=10.0.0.0, Culture=neutral, PublicKeyToken=b03f5f7f11d50a3a" className="Gauss_Test_Project.GaussTest, Gauss Test Project, Version=1.0.0.0, Culture=neutral, PublicKeyToken=null" name="SolveGaussianTest1" />
    </UnitTest>
    <UnitTest name="SolveGaussianTest2" storage="e:\labfiles\lab 3\ex5\starter\gauss test project\bin\debug\gauss test project.dll" id="dd861cb3-a12a-2649-af34-99b3f4b03c6c">
      <Execution id="3228b830-0b98-47a5-a902-42aba1cfd830" />
      <TestMethod codeBase="E:/Labfiles/Lab 3/Ex5/Starter/Gauss Test Project/bin/Debug/Gauss Test Project.DLL" adapterTypeName="Microsoft.VisualStudio.TestTools.TestTypes.Unit.UnitTestAdapter, Microsoft.VisualStudio.QualityTools.Tips.UnitTest.Adapter, Version=10.0.0.0, Culture=neutral, PublicKeyToken=b03f5f7f11d50a3a" className="Gauss_Test_Project.GaussTest, Gauss Test Project, Version=1.0.0.0, Culture=neutral, PublicKeyToken=null" name="SolveGaussianTest2" />
    </UnitTest>
  </TestDefinitions>
  <TestLists>
    <TestList name="Results Not in a List" id="8c84fa94-04c1-424b-9868-57a2d4851a1d" />
    <TestList name="All Loaded Results" id="19431567-8539-422a-85d7-44ee4e166bda" />
  </TestLists>
  <TestEntries>
    <TestEntry testId="3a846be5-3eae-2597-1a0a-810d2926a176" executionId="749f11f8-3b55-488b-b504-9773c72eef84" testListId="8c84fa94-04c1-424b-9868-57a2d4851a1d" />
    <TestEntry testId="1fedd00b-f850-f94a-6aa2-eae4c4f33343" executionId="3a116624-a003-4364-a5cf-4361c84b2832" testListId="8c84fa94-04c1-424b-9868-57a2d4851a1d" />
    <TestEntry testId="dd861cb3-a12a-2649-af34-99b3f4b03c6c" executionId="3228b830-0b98-47a5-a902-42aba1cfd830" testListId="8c84fa94-04c1-424b-9868-57a2d4851a1d" />
  </TestEntries>
  <Results>
    <UnitTestResult executionId="749f11f8-3b55-488b-b504-9773c72eef84" testId="3a846be5-3eae-2597-1a0a-810d2926a176" testName="SolveGaussianTest" computerName="10266A-ANTONYN" duration="00:00:00.0181875" startTime="2010-01-28T02:42:13.6320937-08:00" endTime="2010-01-28T02:42:14.0578750-08:00" testType="13cdc9d9-ddb5-4fa4-a97d-d965ccfc6d4b" outcome="Passed" testListId="8c84fa94-04c1-424b-9868-57a2d4851a1d" relativeResultsDirectory="749f11f8-3b55-488b-b504-9773c72eef84">
    </UnitTestResult>
    <UnitTestResult executionId="3a116624-a003-4364-a5cf-4361c84b2832" testId="1fedd00b-f850-f94a-6aa2-eae4c4f33343" testName="SolveGaussianTest1" computerName="10266A-ANTONYN" duration="00:00:00.0026810" startTime="2010-01-28T02:42:14.0627578-08:00" endTime="2010-01-28T02:42:14.0686171-08:00" testType="13cdc9d9-ddb5-4fa4-a97d-d965ccfc6d4b" outcome="Passed" testListId="8c84fa94-04c1-424b-9868-57a2d4851a1d" relativeResultsDirectory="3a116624-a003-4364-a5cf-4361c84b2832">
    </UnitTestResult>
    <UnitTestResult executionId="3228b830-0b98-47a5-a902-42aba1cfd830" testId="dd861cb3-a12a-2649-af34-99b3f4b03c6c" testName="SolveGaussianTest2" computerName="10266A-ANTONYN" duration="00:00:00.0005562" startTime="2010-01-28T02:42:14.0695937-08:00" endTime="2010-01-28T02:42:14.0754531-08:00" testType="13cdc9d9-ddb5-4fa4-a97d-d965ccfc6d4b" outcome="Passed" testListId="8c84fa94-04c1-424b-9868-57a2d4851a1d" relativeResultsDirectory="3228b830-0b98-47a5-a902-42aba1cfd830">
    </UnitTestResult>
  </Results>
</TestRun>