<?xml version="1.0" encoding="UTF-8"?>
<TestRun id="e47dc347-d921-4edd-96e5-e52a87d39e3a" name="Student@10266A-GEN-DEV- 2010-02-22 04:10:01" runUser="10266A-GEN-DEV-\Student" xmlns="http://microsoft.com/schemas/VisualStudio/TeamTest/2010">
  <TestSettings name="Local" id="947f455c-0ffd-4088-ab69-a8d0fd81f18c">
    <Description>These are default test settings for a local test run.</Description>
    <Deployment enabled="false" runDeploymentRoot="Student_10266A-GEN-DEV- 2010-02-22 04_10_01">
      <DeploymentItem filename="E:\Labfiles\Lab 6\Ex 4\Starter\StressTest\bin\Debug\StressTest.dll" />
    </Deployment>
    <Execution>
      <TestTypeSpecific />
      <AgentRule name="Execution Agents">
      </AgentRule>
    </Execution>
  </TestSettings>
  <Times creation="2010-02-22T04:10:01.9971328-08:00" queuing="2010-02-22T04:10:02.6143203-08:00" start="2010-02-22T04:10:02.7080703-08:00" finish="2010-02-22T04:10:03.3594375-08:00" />
  <ResultSummary outcome="Completed">
    <Counters total="5" executed="5" passed="5" error="0" failed="0" timeout="0" aborted="0" inconclusive="0" passedButRunAborted="0" notRunnable="0" notExecuted="0" disconnected="0" warning="0" completed="0" inProgress="0" pending="0" />
  </ResultSummary>
  <TestDefinitions>
    <UnitTest name="ToStringTest" storage="e:\labfiles\lab 6\ex 4\starter\nullable structs unit test project\bin\debug\unit tests for module 6.dll" id="31fb5f85-762e-6967-40f4-c52200bfb2ba">
      <Execution id="3fd42dab-ed72-44ea-8905-9ddfcc90b350" />
      <TestMethod codeBase="E:/Labfiles/Lab 6/Ex 4/Starter/Nullable Structs Unit Test Project/bin/Debug/Unit Tests for Module 6.DLL" adapterTypeName="Microsoft.VisualStudio.TestTools.TestTypes.Unit.UnitTestAdapter, Microsoft.VisualStudio.QualityTools.Tips.UnitTest.Adapter, Version=10.0.0.0, Culture=neutral, PublicKeyToken=b03f5f7f11d50a3a" className="Lab6UnitTests.StressTestCaseTest, Unit Tests for Module 6, Version=1.0.0.0, Culture=neutral, PublicKeyToken=null" name="ToStringTest" />
    </UnitTest>
    <UnitTest name="StressTestCaseConstructorTest" storage="e:\labfiles\lab 6\ex 4\starter\nullable structs unit test project\bin\debug\unit tests for module 6.dll" id="1f359600-5dde-4b23-acc3-108cfa5c5af8">
      <Execution id="7c9c2b2b-cdad-451b-b45f-ac8feca34d94" />
      <TestMethod codeBase="E:/Labfiles/Lab 6/Ex 4/Starter/Nullable Structs Unit Test Project/bin/Debug/Unit Tests for Module 6.DLL" adapterTypeName="Microsoft.VisualStudio.TestTools.TestTypes.Unit.UnitTestAdapter, Microsoft.VisualStudio.QualityTools.Tips.UnitTest.Adapter, Version=10.0.0.0, Culture=neutral, PublicKeyToken=b03f5f7f11d50a3a" className="Lab6UnitTests.StressTestCaseTest, Unit Tests for Module 6, Version=1.0.0.0, Culture=neutral, PublicKeyToken=null" name="StressTestCaseConstructorTest" />
    </UnitTest>
    <UnitTest name="StressTestCaseConstructorTest1" storage="e:\labfiles\lab 6\ex 4\starter\nullable structs unit test project\bin\debug\unit tests for module 6.dll" id="6793f6b4-affe-54ca-81da-544f41857e8c">
      <Execution id="2d283625-e4a3-4282-818b-1684000232b4" />
      <TestMethod codeBase="E:/Labfiles/Lab 6/Ex 4/Starter/Nullable Structs Unit Test Project/bin/Debug/Unit Tests for Module 6.DLL" adapterTypeName="Microsoft.VisualStudio.TestTools.TestTypes.Unit.UnitTestAdapter, Microsoft.VisualStudio.QualityTools.Tips.UnitTest.Adapter, Version=10.0.0.0, Culture=neutral, PublicKeyToken=b03f5f7f11d50a3a" className="Lab6UnitTests.StressTestCaseTest, Unit Tests for Module 6, Version=1.0.0.0, Culture=neutral, PublicKeyToken=null" name="StressTestCaseConstructorTest1" />
    </UnitTest>
    <UnitTest name="GetStressTestResultTest" storage="e:\labfiles\lab 6\ex 4\starter\nullable structs unit test project\bin\debug\unit tests for module 6.dll" id="c11e7c1d-309d-7cbc-9c73-7685ecb0262b">
      <Execution id="0c97bc7b-d10b-4be2-9bff-c500669bd56c" />
      <TestMethod codeBase="E:/Labfiles/Lab 6/Ex 4/Starter/Nullable Structs Unit Test Project/bin/Debug/Unit Tests for Module 6.DLL" adapterTypeName="Microsoft.VisualStudio.TestTools.TestTypes.Unit.UnitTestAdapter, Microsoft.VisualStudio.QualityTools.Tips.UnitTest.Adapter, Version=10.0.0.0, Culture=neutral, PublicKeyToken=b03f5f7f11d50a3a" className="Lab6UnitTests.StressTestCaseTest, Unit Tests for Module 6, Version=1.0.0.0, Culture=neutral, PublicKeyToken=null" name="GetStressTestResultTest" />
    </UnitTest>
    <UnitTest name="PerformStressTestTest" storage="e:\labfiles\lab 6\ex 4\starter\nullable structs unit test project\bin\debug\unit tests for module 6.dll" id="59439859-1717-0e5d-97d8-5e039d880f03">
      <Execution id="9af73e64-c6d1-4963-b956-8ea01b15e814" />
      <TestMethod codeBase="E:/Labfiles/Lab 6/Ex 4/Starter/Nullable Structs Unit Test Project/bin/Debug/Unit Tests for Module 6.DLL" adapterTypeName="Microsoft.VisualStudio.TestTools.TestTypes.Unit.UnitTestAdapter, Microsoft.VisualStudio.QualityTools.Tips.UnitTest.Adapter, Version=10.0.0.0, Culture=neutral, PublicKeyToken=b03f5f7f11d50a3a" className="Lab6UnitTests.StressTestCaseTest, Unit Tests for Module 6, Version=1.0.0.0, Culture=neutral, PublicKeyToken=null" name="PerformStressTestTest" />
    </UnitTest>
  </TestDefinitions>
  <TestLists>
    <TestList name="Results Not in a List" id="8c84fa94-04c1-424b-9868-57a2d4851a1d" />
    <TestList name="All Loaded Results" id="19431567-8539-422a-85d7-44ee4e166bda" />
  </TestLists>
  <TestEntries>
    <TestEntry testId="1f359600-5dde-4b23-acc3-108cfa5c5af8" executionId="7c9c2b2b-cdad-451b-b45f-ac8feca34d94" testListId="8c84fa94-04c1-424b-9868-57a2d4851a1d" />
    <TestEntry testId="31fb5f85-762e-6967-40f4-c52200bfb2ba" executionId="3fd42dab-ed72-44ea-8905-9ddfcc90b350" testListId="8c84fa94-04c1-424b-9868-57a2d4851a1d" />
    <TestEntry testId="59439859-1717-0e5d-97d8-5e039d880f03" executionId="9af73e64-c6d1-4963-b956-8ea01b15e814" testListId="8c84fa94-04c1-424b-9868-57a2d4851a1d" />
    <TestEntry testId="6793f6b4-affe-54ca-81da-544f41857e8c" executionId="2d283625-e4a3-4282-818b-1684000232b4" testListId="8c84fa94-04c1-424b-9868-57a2d4851a1d" />
    <TestEntry testId="c11e7c1d-309d-7cbc-9c73-7685ecb0262b" executionId="0c97bc7b-d10b-4be2-9bff-c500669bd56c" testListId="8c84fa94-04c1-424b-9868-57a2d4851a1d" />
  </TestEntries>
  <Results>
    <UnitTestResult executionId="7c9c2b2b-cdad-451b-b45f-ac8feca34d94" testId="1f359600-5dde-4b23-acc3-108cfa5c5af8" testName="StressTestCaseConstructorTest" computerName="10266A-GEN-DEV-" duration="00:00:00.0196452" startTime="2010-02-22T04:10:02.7442031-08:00" endTime="2010-02-22T04:10:03.2383437-08:00" testType="13cdc9d9-ddb5-4fa4-a97d-d965ccfc6d4b" outcome="Passed" testListId="8c84fa94-04c1-424b-9868-57a2d4851a1d" relativeResultsDirectory="7c9c2b2b-cdad-451b-b45f-ac8feca34d94">
    </UnitTestResult>
    <UnitTestResult executionId="3fd42dab-ed72-44ea-8905-9ddfcc90b350" testId="31fb5f85-762e-6967-40f4-c52200bfb2ba" testName="ToStringTest" computerName="10266A-GEN-DEV-" duration="00:00:00.0008772" startTime="2010-02-22T04:10:03.2412734-08:00" endTime="2010-02-22T04:10:03.2578750-08:00" testType="13cdc9d9-ddb5-4fa4-a97d-d965ccfc6d4b" outcome="Passed" testListId="8c84fa94-04c1-424b-9868-57a2d4851a1d" relativeResultsDirectory="3fd42dab-ed72-44ea-8905-9ddfcc90b350">
    </UnitTestResult>
    <UnitTestResult executionId="9af73e64-c6d1-4963-b956-8ea01b15e814" testId="59439859-1717-0e5d-97d8-5e039d880f03" testName="PerformStressTestTest" computerName="10266A-GEN-DEV-" duration="00:00:00.0020466" startTime="2010-02-22T04:10:03.2588515-08:00" endTime="2010-02-22T04:10:03.2647109-08:00" testType="13cdc9d9-ddb5-4fa4-a97d-d965ccfc6d4b" outcome="Passed" testListId="8c84fa94-04c1-424b-9868-57a2d4851a1d" relativeResultsDirectory="9af73e64-c6d1-4963-b956-8ea01b15e814">
    </UnitTestResult>
    <UnitTestResult executionId="2d283625-e4a3-4282-818b-1684000232b4" testId="6793f6b4-affe-54ca-81da-544f41857e8c" testName="StressTestCaseConstructorTest1" computerName="10266A-GEN-DEV-" duration="00:00:00.0003645" startTime="2010-02-22T04:10:03.2676406-08:00" endTime="2010-02-22T04:10:03.2715468-08:00" testType="13cdc9d9-ddb5-4fa4-a97d-d965ccfc6d4b" outcome="Passed" testListId="8c84fa94-04c1-424b-9868-57a2d4851a1d" relativeResultsDirectory="2d283625-e4a3-4282-818b-1684000232b4">
    </UnitTestResult>
    <UnitTestResult executionId="0c97bc7b-d10b-4be2-9bff-c500669bd56c" testId="c11e7c1d-309d-7cbc-9c73-7685ecb0262b" testName="GetStressTestResultTest" computerName="10266A-GEN-DEV-" duration="00:00:00.0003366" startTime="2010-02-22T04:10:03.2764296-08:00" endTime="2010-02-22T04:10:03.2793593-08:00" testType="13cdc9d9-ddb5-4fa4-a97d-d965ccfc6d4b" outcome="Passed" testListId="8c84fa94-04c1-424b-9868-57a2d4851a1d" relativeResultsDirectory="0c97bc7b-d10b-4be2-9bff-c500669bd56c">
    </UnitTestResult>
  </Results>
</TestRun>